[27-Mar-2018 20:07:35 UTC] PHP Warning:  include(../includes/dbConn.php): failed to open stream: No such file or directory in /home/ubuntu/workspace/adealba/MIDTERM/program2.php on line 3
[27-Mar-2018 20:07:35 UTC] PHP Stack trace:
[27-Mar-2018 20:07:35 UTC] PHP   1. {main}() /home/ubuntu/workspace/adealba/MIDTERM/program2.php:0
[27-Mar-2018 20:07:35 UTC] PHP Warning:  include(): Failed opening '../includes/dbConn.php' for inclusion (include_path='.:/usr/share/php:/usr/share/pear') in /home/ubuntu/workspace/adealba/MIDTERM/program2.php on line 3
[27-Mar-2018 20:07:35 UTC] PHP Stack trace:
[27-Mar-2018 20:07:35 UTC] PHP   1. {main}() /home/ubuntu/workspace/adealba/MIDTERM/program2.php:0
[27-Mar-2018 20:07:35 UTC] PHP Fatal error:  Call to undefined function getConnection() in /home/ubuntu/workspace/adealba/MIDTERM/program2.php on line 4
[27-Mar-2018 20:07:35 UTC] PHP Stack trace:
[27-Mar-2018 20:07:35 UTC] PHP   1. {main}() /home/ubuntu/workspace/adealba/MIDTERM/program2.php:0
[27-Mar-2018 20:07:58 UTC] PHP Warning:  include(../../includes/dbConn.php): failed to open stream: No such file or directory in /home/ubuntu/workspace/adealba/MIDTERM/program2.php on line 3
[27-Mar-2018 20:07:58 UTC] PHP Stack trace:
[27-Mar-2018 20:07:58 UTC] PHP   1. {main}() /home/ubuntu/workspace/adealba/MIDTERM/program2.php:0
[27-Mar-2018 20:07:58 UTC] PHP Warning:  include(): Failed opening '../../includes/dbConn.php' for inclusion (include_path='.:/usr/share/php:/usr/share/pear') in /home/ubuntu/workspace/adealba/MIDTERM/program2.php on line 3
[27-Mar-2018 20:07:58 UTC] PHP Stack trace:
[27-Mar-2018 20:07:58 UTC] PHP   1. {main}() /home/ubuntu/workspace/adealba/MIDTERM/program2.php:0
[27-Mar-2018 20:07:58 UTC] PHP Fatal error:  Call to undefined function getConnection() in /home/ubuntu/workspace/adealba/MIDTERM/program2.php on line 4
[27-Mar-2018 20:07:58 UTC] PHP Stack trace:
[27-Mar-2018 20:07:58 UTC] PHP   1. {main}() /home/ubuntu/workspace/adealba/MIDTERM/program2.php:0
[27-Mar-2018 20:08:34 UTC] PHP Warning:  include(../../includes/dbConnection.php): failed to open stream: No such file or directory in /home/ubuntu/workspace/adealba/MIDTERM/program2.php on line 3
[27-Mar-2018 20:08:34 UTC] PHP Stack trace:
[27-Mar-2018 20:08:34 UTC] PHP   1. {main}() /home/ubuntu/workspace/adealba/MIDTERM/program2.php:0
[27-Mar-2018 20:08:34 UTC] PHP Warning:  include(): Failed opening '../../includes/dbConnection.php' for inclusion (include_path='.:/usr/share/php:/usr/share/pear') in /home/ubuntu/workspace/adealba/MIDTERM/program2.php on line 3
[27-Mar-2018 20:08:34 UTC] PHP Stack trace:
[27-Mar-2018 20:08:34 UTC] PHP   1. {main}() /home/ubuntu/workspace/adealba/MIDTERM/program2.php:0
[27-Mar-2018 20:08:34 UTC] PHP Fatal error:  Call to undefined function getConnection() in /home/ubuntu/workspace/adealba/MIDTERM/program2.php on line 4
[27-Mar-2018 20:08:34 UTC] PHP Stack trace:
[27-Mar-2018 20:08:34 UTC] PHP   1. {main}() /home/ubuntu/workspace/adealba/MIDTERM/program2.php:0
[27-Mar-2018 20:08:45 UTC] PHP Warning:  include(../includes/dbConnection.php): failed to open stream: No such file or directory in /home/ubuntu/workspace/adealba/MIDTERM/program2.php on line 3
[27-Mar-2018 20:08:45 UTC] PHP Stack trace:
[27-Mar-2018 20:08:45 UTC] PHP   1. {main}() /home/ubuntu/workspace/adealba/MIDTERM/program2.php:0
[27-Mar-2018 20:08:45 UTC] PHP Warning:  include(): Failed opening '../includes/dbConnection.php' for inclusion (include_path='.:/usr/share/php:/usr/share/pear') in /home/ubuntu/workspace/adealba/MIDTERM/program2.php on line 3
[27-Mar-2018 20:08:45 UTC] PHP Stack trace:
[27-Mar-2018 20:08:45 UTC] PHP   1. {main}() /home/ubuntu/workspace/adealba/MIDTERM/program2.php:0
[27-Mar-2018 20:08:45 UTC] PHP Fatal error:  Call to undefined function getConnection() in /home/ubuntu/workspace/adealba/MIDTERM/program2.php on line 4
[27-Mar-2018 20:08:45 UTC] PHP Stack trace:
[27-Mar-2018 20:08:45 UTC] PHP   1. {main}() /home/ubuntu/workspace/adealba/MIDTERM/program2.php:0
[27-Mar-2018 20:09:03 UTC] PHP Warning:  include(../../../includes/dbConnection.php): failed to open stream: No such file or directory in /home/ubuntu/workspace/adealba/MIDTERM/program2.php on line 3
[27-Mar-2018 20:09:03 UTC] PHP Stack trace:
[27-Mar-2018 20:09:03 UTC] PHP   1. {main}() /home/ubuntu/workspace/adealba/MIDTERM/program2.php:0
[27-Mar-2018 20:09:03 UTC] PHP Warning:  include(): Failed opening '../../../includes/dbConnection.php' for inclusion (include_path='.:/usr/share/php:/usr/share/pear') in /home/ubuntu/workspace/adealba/MIDTERM/program2.php on line 3
[27-Mar-2018 20:09:03 UTC] PHP Stack trace:
[27-Mar-2018 20:09:03 UTC] PHP   1. {main}() /home/ubuntu/workspace/adealba/MIDTERM/program2.php:0
[27-Mar-2018 20:09:03 UTC] PHP Fatal error:  Call to undefined function getConnection() in /home/ubuntu/workspace/adealba/MIDTERM/program2.php on line 4
[27-Mar-2018 20:09:03 UTC] PHP Stack trace:
[27-Mar-2018 20:09:03 UTC] PHP   1. {main}() /home/ubuntu/workspace/adealba/MIDTERM/program2.php:0
[27-Mar-2018 20:09:04 UTC] PHP Warning:  include(../../../includes/dbConnection.php): failed to open stream: No such file or directory in /home/ubuntu/workspace/adealba/MIDTERM/program2.php on line 3
[27-Mar-2018 20:09:04 UTC] PHP Stack trace:
[27-Mar-2018 20:09:04 UTC] PHP   1. {main}() /home/ubuntu/workspace/adealba/MIDTERM/program2.php:0
[27-Mar-2018 20:09:04 UTC] PHP Warning:  include(): Failed opening '../../../includes/dbConnection.php' for inclusion (include_path='.:/usr/share/php:/usr/share/pear') in /home/ubuntu/workspace/adealba/MIDTERM/program2.php on line 3
[27-Mar-2018 20:09:04 UTC] PHP Stack trace:
[27-Mar-2018 20:09:04 UTC] PHP   1. {main}() /home/ubuntu/workspace/adealba/MIDTERM/program2.php:0
[27-Mar-2018 20:09:04 UTC] PHP Fatal error:  Call to undefined function getConnection() in /home/ubuntu/workspace/adealba/MIDTERM/program2.php on line 4
[27-Mar-2018 20:09:04 UTC] PHP Stack trace:
[27-Mar-2018 20:09:04 UTC] PHP   1. {main}() /home/ubuntu/workspace/adealba/MIDTERM/program2.php:0
[27-Mar-2018 20:09:05 UTC] PHP Warning:  include(../../../includes/dbConnection.php): failed to open stream: No such file or directory in /home/ubuntu/workspace/adealba/MIDTERM/program2.php on line 3
[27-Mar-2018 20:09:05 UTC] PHP Stack trace:
[27-Mar-2018 20:09:05 UTC] PHP   1. {main}() /home/ubuntu/workspace/adealba/MIDTERM/program2.php:0
[27-Mar-2018 20:09:05 UTC] PHP Warning:  include(): Failed opening '../../../includes/dbConnection.php' for inclusion (include_path='.:/usr/share/php:/usr/share/pear') in /home/ubuntu/workspace/adealba/MIDTERM/program2.php on line 3
[27-Mar-2018 20:09:05 UTC] PHP Stack trace:
[27-Mar-2018 20:09:05 UTC] PHP   1. {main}() /home/ubuntu/workspace/adealba/MIDTERM/program2.php:0
[27-Mar-2018 20:09:05 UTC] PHP Fatal error:  Call to undefined function getConnection() in /home/ubuntu/workspace/adealba/MIDTERM/program2.php on line 4
[27-Mar-2018 20:09:05 UTC] PHP Stack trace:
[27-Mar-2018 20:09:05 UTC] PHP   1. {main}() /home/ubuntu/workspace/adealba/MIDTERM/program2.php:0
[27-Mar-2018 20:09:06 UTC] PHP Warning:  include(../../../includes/dbConnection.php): failed to open stream: No such file or directory in /home/ubuntu/workspace/adealba/MIDTERM/program2.php on line 3
[27-Mar-2018 20:09:06 UTC] PHP Stack trace:
[27-Mar-2018 20:09:06 UTC] PHP   1. {main}() /home/ubuntu/workspace/adealba/MIDTERM/program2.php:0
[27-Mar-2018 20:09:06 UTC] PHP Warning:  include(): Failed opening '../../../includes/dbConnection.php' for inclusion (include_path='.:/usr/share/php:/usr/share/pear') in /home/ubuntu/workspace/adealba/MIDTERM/program2.php on line 3
[27-Mar-2018 20:09:06 UTC] PHP Stack trace:
[27-Mar-2018 20:09:06 UTC] PHP   1. {main}() /home/ubuntu/workspace/adealba/MIDTERM/program2.php:0
[27-Mar-2018 20:09:06 UTC] PHP Fatal error:  Call to undefined function getConnection() in /home/ubuntu/workspace/adealba/MIDTERM/program2.php on line 4
[27-Mar-2018 20:09:06 UTC] PHP Stack trace:
[27-Mar-2018 20:09:06 UTC] PHP   1. {main}() /home/ubuntu/workspace/adealba/MIDTERM/program2.php:0
[27-Mar-2018 20:09:39 UTC] PHP Warning:  include(../../../includes/dbConnection.php): failed to open stream: No such file or directory in /home/ubuntu/workspace/adealba/MIDTERM/program2.php on line 3
[27-Mar-2018 20:09:39 UTC] PHP Stack trace:
[27-Mar-2018 20:09:39 UTC] PHP   1. {main}() /home/ubuntu/workspace/adealba/MIDTERM/program2.php:0
[27-Mar-2018 20:09:39 UTC] PHP Warning:  include(): Failed opening '../../../includes/dbConnection.php' for inclusion (include_path='.:/usr/share/php:/usr/share/pear') in /home/ubuntu/workspace/adealba/MIDTERM/program2.php on line 3
[27-Mar-2018 20:09:39 UTC] PHP Stack trace:
[27-Mar-2018 20:09:39 UTC] PHP   1. {main}() /home/ubuntu/workspace/adealba/MIDTERM/program2.php:0
[27-Mar-2018 20:09:39 UTC] PHP Fatal error:  Call to undefined function getConnection() in /home/ubuntu/workspace/adealba/MIDTERM/program2.php on line 4
[27-Mar-2018 20:09:39 UTC] PHP Stack trace:
[27-Mar-2018 20:09:39 UTC] PHP   1. {main}() /home/ubuntu/workspace/adealba/MIDTERM/program2.php:0
[27-Mar-2018 20:09:51 UTC] PHP Warning:  include(../../includes/dbConnection.php): failed to open stream: No such file or directory in /home/ubuntu/workspace/adealba/MIDTERM/program2.php on line 3
[27-Mar-2018 20:09:51 UTC] PHP Stack trace:
[27-Mar-2018 20:09:51 UTC] PHP   1. {main}() /home/ubuntu/workspace/adealba/MIDTERM/program2.php:0
[27-Mar-2018 20:09:51 UTC] PHP Warning:  include(): Failed opening '../../includes/dbConnection.php' for inclusion (include_path='.:/usr/share/php:/usr/share/pear') in /home/ubuntu/workspace/adealba/MIDTERM/program2.php on line 3
[27-Mar-2018 20:09:51 UTC] PHP Stack trace:
[27-Mar-2018 20:09:51 UTC] PHP   1. {main}() /home/ubuntu/workspace/adealba/MIDTERM/program2.php:0
[27-Mar-2018 20:09:51 UTC] PHP Fatal error:  Call to undefined function getConnection() in /home/ubuntu/workspace/adealba/MIDTERM/program2.php on line 4
[27-Mar-2018 20:09:51 UTC] PHP Stack trace:
[27-Mar-2018 20:09:51 UTC] PHP   1. {main}() /home/ubuntu/workspace/adealba/MIDTERM/program2.php:0
[27-Mar-2018 20:10:42 UTC] PHP Warning:  include(../includes/dbConnection.php): failed to open stream: No such file or directory in /home/ubuntu/workspace/adealba/MIDTERM/program2.php on line 3
[27-Mar-2018 20:10:42 UTC] PHP Stack trace:
[27-Mar-2018 20:10:42 UTC] PHP   1. {main}() /home/ubuntu/workspace/adealba/MIDTERM/program2.php:0
[27-Mar-2018 20:10:42 UTC] PHP Warning:  include(): Failed opening '../includes/dbConnection.php' for inclusion (include_path='.:/usr/share/php:/usr/share/pear') in /home/ubuntu/workspace/adealba/MIDTERM/program2.php on line 3
[27-Mar-2018 20:10:42 UTC] PHP Stack trace:
[27-Mar-2018 20:10:42 UTC] PHP   1. {main}() /home/ubuntu/workspace/adealba/MIDTERM/program2.php:0
[27-Mar-2018 20:10:42 UTC] PHP Fatal error:  Call to undefined function getConnection() in /home/ubuntu/workspace/adealba/MIDTERM/program2.php on line 4
[27-Mar-2018 20:10:42 UTC] PHP Stack trace:
[27-Mar-2018 20:10:42 UTC] PHP   1. {main}() /home/ubuntu/workspace/adealba/MIDTERM/program2.php:0
[27-Mar-2018 20:11:10 UTC] PHP Warning:  include(../../../includes/dbConnection.php): failed to open stream: No such file or directory in /home/ubuntu/workspace/adealba/MIDTERM/program2.php on line 3
[27-Mar-2018 20:11:10 UTC] PHP Stack trace:
[27-Mar-2018 20:11:10 UTC] PHP   1. {main}() /home/ubuntu/workspace/adealba/MIDTERM/program2.php:0
[27-Mar-2018 20:11:10 UTC] PHP Warning:  include(): Failed opening '../../../includes/dbConnection.php' for inclusion (include_path='.:/usr/share/php:/usr/share/pear') in /home/ubuntu/workspace/adealba/MIDTERM/program2.php on line 3
[27-Mar-2018 20:11:10 UTC] PHP Stack trace:
[27-Mar-2018 20:11:10 UTC] PHP   1. {main}() /home/ubuntu/workspace/adealba/MIDTERM/program2.php:0
[27-Mar-2018 20:11:10 UTC] PHP Fatal error:  Call to undefined function getConnection() in /home/ubuntu/workspace/adealba/MIDTERM/program2.php on line 4
[27-Mar-2018 20:11:10 UTC] PHP Stack trace:
[27-Mar-2018 20:11:10 UTC] PHP   1. {main}() /home/ubuntu/workspace/adealba/MIDTERM/program2.php:0
[27-Mar-2018 20:11:11 UTC] PHP Warning:  include(../../../includes/dbConnection.php): failed to open stream: No such file or directory in /home/ubuntu/workspace/adealba/MIDTERM/program2.php on line 3
[27-Mar-2018 20:11:11 UTC] PHP Stack trace:
[27-Mar-2018 20:11:11 UTC] PHP   1. {main}() /home/ubuntu/workspace/adealba/MIDTERM/program2.php:0
[27-Mar-2018 20:11:11 UTC] PHP Warning:  include(): Failed opening '../../../includes/dbConnection.php' for inclusion (include_path='.:/usr/share/php:/usr/share/pear') in /home/ubuntu/workspace/adealba/MIDTERM/program2.php on line 3
[27-Mar-2018 20:11:11 UTC] PHP Stack trace:
[27-Mar-2018 20:11:11 UTC] PHP   1. {main}() /home/ubuntu/workspace/adealba/MIDTERM/program2.php:0
[27-Mar-2018 20:11:11 UTC] PHP Fatal error:  Call to undefined function getConnection() in /home/ubuntu/workspace/adealba/MIDTERM/program2.php on line 4
[27-Mar-2018 20:11:11 UTC] PHP Stack trace:
[27-Mar-2018 20:11:11 UTC] PHP   1. {main}() /home/ubuntu/workspace/adealba/MIDTERM/program2.php:0
[27-Mar-2018 20:11:12 UTC] PHP Warning:  include(../../../includes/dbConnection.php): failed to open stream: No such file or directory in /home/ubuntu/workspace/adealba/MIDTERM/program2.php on line 3
[27-Mar-2018 20:11:12 UTC] PHP Stack trace:
[27-Mar-2018 20:11:12 UTC] PHP   1. {main}() /home/ubuntu/workspace/adealba/MIDTERM/program2.php:0
[27-Mar-2018 20:11:12 UTC] PHP Warning:  include(): Failed opening '../../../includes/dbConnection.php' for inclusion (include_path='.:/usr/share/php:/usr/share/pear') in /home/ubuntu/workspace/adealba/MIDTERM/program2.php on line 3
[27-Mar-2018 20:11:12 UTC] PHP Stack trace:
[27-Mar-2018 20:11:12 UTC] PHP   1. {main}() /home/ubuntu/workspace/adealba/MIDTERM/program2.php:0
[27-Mar-2018 20:11:12 UTC] PHP Fatal error:  Call to undefined function getConnection() in /home/ubuntu/workspace/adealba/MIDTERM/program2.php on line 4
[27-Mar-2018 20:11:12 UTC] PHP Stack trace:
[27-Mar-2018 20:11:12 UTC] PHP   1. {main}() /home/ubuntu/workspace/adealba/MIDTERM/program2.php:0
[27-Mar-2018 20:11:12 UTC] PHP Warning:  include(../../../includes/dbConnection.php): failed to open stream: No such file or directory in /home/ubuntu/workspace/adealba/MIDTERM/program2.php on line 3
[27-Mar-2018 20:11:12 UTC] PHP Stack trace:
[27-Mar-2018 20:11:12 UTC] PHP   1. {main}() /home/ubuntu/workspace/adealba/MIDTERM/program2.php:0
[27-Mar-2018 20:11:12 UTC] PHP Warning:  include(): Failed opening '../../../includes/dbConnection.php' for inclusion (include_path='.:/usr/share/php:/usr/share/pear') in /home/ubuntu/workspace/adealba/MIDTERM/program2.php on line 3
[27-Mar-2018 20:11:12 UTC] PHP Stack trace:
[27-Mar-2018 20:11:12 UTC] PHP   1. {main}() /home/ubuntu/workspace/adealba/MIDTERM/program2.php:0
[27-Mar-2018 20:11:12 UTC] PHP Fatal error:  Call to undefined function getConnection() in /home/ubuntu/workspace/adealba/MIDTERM/program2.php on line 4
[27-Mar-2018 20:11:12 UTC] PHP Stack trace:
[27-Mar-2018 20:11:12 UTC] PHP   1. {main}() /home/ubuntu/workspace/adealba/MIDTERM/program2.php:0
[27-Mar-2018 20:11:36 UTC] PHP Warning:  include(../../../../includes/dbConnection.php): failed to open stream: No such file or directory in /home/ubuntu/workspace/adealba/MIDTERM/program2.php on line 3
[27-Mar-2018 20:11:36 UTC] PHP Stack trace:
[27-Mar-2018 20:11:36 UTC] PHP   1. {main}() /home/ubuntu/workspace/adealba/MIDTERM/program2.php:0
[27-Mar-2018 20:11:36 UTC] PHP Warning:  include(): Failed opening '../../../../includes/dbConnection.php' for inclusion (include_path='.:/usr/share/php:/usr/share/pear') in /home/ubuntu/workspace/adealba/MIDTERM/program2.php on line 3
[27-Mar-2018 20:11:36 UTC] PHP Stack trace:
[27-Mar-2018 20:11:36 UTC] PHP   1. {main}() /home/ubuntu/workspace/adealba/MIDTERM/program2.php:0
[27-Mar-2018 20:11:36 UTC] PHP Fatal error:  Call to undefined function getConnection() in /home/ubuntu/workspace/adealba/MIDTERM/program2.php on line 4
[27-Mar-2018 20:11:36 UTC] PHP Stack trace:
[27-Mar-2018 20:11:36 UTC] PHP   1. {main}() /home/ubuntu/workspace/adealba/MIDTERM/program2.php:0
[27-Mar-2018 20:11:48 UTC] PHP Warning:  include(../includes/dbConnection.php): failed to open stream: No such file or directory in /home/ubuntu/workspace/adealba/MIDTERM/program2.php on line 3
[27-Mar-2018 20:11:48 UTC] PHP Stack trace:
[27-Mar-2018 20:11:48 UTC] PHP   1. {main}() /home/ubuntu/workspace/adealba/MIDTERM/program2.php:0
[27-Mar-2018 20:11:48 UTC] PHP Warning:  include(): Failed opening '../includes/dbConnection.php' for inclusion (include_path='.:/usr/share/php:/usr/share/pear') in /home/ubuntu/workspace/adealba/MIDTERM/program2.php on line 3
[27-Mar-2018 20:11:48 UTC] PHP Stack trace:
[27-Mar-2018 20:11:48 UTC] PHP   1. {main}() /home/ubuntu/workspace/adealba/MIDTERM/program2.php:0
[27-Mar-2018 20:11:48 UTC] PHP Fatal error:  Call to undefined function getConnection() in /home/ubuntu/workspace/adealba/MIDTERM/program2.php on line 4
[27-Mar-2018 20:11:48 UTC] PHP Stack trace:
[27-Mar-2018 20:11:48 UTC] PHP   1. {main}() /home/ubuntu/workspace/adealba/MIDTERM/program2.php:0
[27-Mar-2018 20:11:49 UTC] PHP Warning:  include(../includes/dbConnection.php): failed to open stream: No such file or directory in /home/ubuntu/workspace/adealba/MIDTERM/program2.php on line 3
[27-Mar-2018 20:11:49 UTC] PHP Stack trace:
[27-Mar-2018 20:11:49 UTC] PHP   1. {main}() /home/ubuntu/workspace/adealba/MIDTERM/program2.php:0
[27-Mar-2018 20:11:49 UTC] PHP Warning:  include(): Failed opening '../includes/dbConnection.php' for inclusion (include_path='.:/usr/share/php:/usr/share/pear') in /home/ubuntu/workspace/adealba/MIDTERM/program2.php on line 3
[27-Mar-2018 20:11:49 UTC] PHP Stack trace:
[27-Mar-2018 20:11:49 UTC] PHP   1. {main}() /home/ubuntu/workspace/adealba/MIDTERM/program2.php:0
[27-Mar-2018 20:11:49 UTC] PHP Fatal error:  Call to undefined function getConnection() in /home/ubuntu/workspace/adealba/MIDTERM/program2.php on line 4
[27-Mar-2018 20:11:49 UTC] PHP Stack trace:
[27-Mar-2018 20:11:49 UTC] PHP   1. {main}() /home/ubuntu/workspace/adealba/MIDTERM/program2.php:0
[27-Mar-2018 20:11:50 UTC] PHP Warning:  include(../includes/dbConnection.php): failed to open stream: No such file or directory in /home/ubuntu/workspace/adealba/MIDTERM/program2.php on line 3
[27-Mar-2018 20:11:50 UTC] PHP Stack trace:
[27-Mar-2018 20:11:50 UTC] PHP   1. {main}() /home/ubuntu/workspace/adealba/MIDTERM/program2.php:0
[27-Mar-2018 20:11:50 UTC] PHP Warning:  include(): Failed opening '../includes/dbConnection.php' for inclusion (include_path='.:/usr/share/php:/usr/share/pear') in /home/ubuntu/workspace/adealba/MIDTERM/program2.php on line 3
[27-Mar-2018 20:11:50 UTC] PHP Stack trace:
[27-Mar-2018 20:11:50 UTC] PHP   1. {main}() /home/ubuntu/workspace/adealba/MIDTERM/program2.php:0
[27-Mar-2018 20:11:50 UTC] PHP Fatal error:  Call to undefined function getConnection() in /home/ubuntu/workspace/adealba/MIDTERM/program2.php on line 4
[27-Mar-2018 20:11:50 UTC] PHP Stack trace:
[27-Mar-2018 20:11:50 UTC] PHP   1. {main}() /home/ubuntu/workspace/adealba/MIDTERM/program2.php:0
[27-Mar-2018 20:22:57 UTC] PHP Warning:  include(../includes/dbConn.php): failed to open stream: No such file or directory in /home/ubuntu/workspace/adealba/MIDTERM/program2.php on line 3
[27-Mar-2018 20:22:57 UTC] PHP Stack trace:
[27-Mar-2018 20:22:57 UTC] PHP   1. {main}() /home/ubuntu/workspace/adealba/MIDTERM/program2.php:0
[27-Mar-2018 20:22:57 UTC] PHP Warning:  include(): Failed opening '../includes/dbConn.php' for inclusion (include_path='.:/usr/share/php:/usr/share/pear') in /home/ubuntu/workspace/adealba/MIDTERM/program2.php on line 3
[27-Mar-2018 20:22:57 UTC] PHP Stack trace:
[27-Mar-2018 20:22:57 UTC] PHP   1. {main}() /home/ubuntu/workspace/adealba/MIDTERM/program2.php:0
[27-Mar-2018 20:22:57 UTC] PHP Fatal error:  Call to undefined function getConnection() in /home/ubuntu/workspace/adealba/MIDTERM/program2.php on line 4
[27-Mar-2018 20:22:57 UTC] PHP Stack trace:
[27-Mar-2018 20:22:57 UTC] PHP   1. {main}() /home/ubuntu/workspace/adealba/MIDTERM/program2.php:0
[27-Mar-2018 20:22:58 UTC] PHP Warning:  include(../includes/dbConn.php): failed to open stream: No such file or directory in /home/ubuntu/workspace/adealba/MIDTERM/program2.php on line 3
[27-Mar-2018 20:22:58 UTC] PHP Stack trace:
[27-Mar-2018 20:22:58 UTC] PHP   1. {main}() /home/ubuntu/workspace/adealba/MIDTERM/program2.php:0
[27-Mar-2018 20:22:58 UTC] PHP Warning:  include(): Failed opening '../includes/dbConn.php' for inclusion (include_path='.:/usr/share/php:/usr/share/pear') in /home/ubuntu/workspace/adealba/MIDTERM/program2.php on line 3
[27-Mar-2018 20:22:58 UTC] PHP Stack trace:
[27-Mar-2018 20:22:58 UTC] PHP   1. {main}() /home/ubuntu/workspace/adealba/MIDTERM/program2.php:0
[27-Mar-2018 20:22:58 UTC] PHP Fatal error:  Call to undefined function getConnection() in /home/ubuntu/workspace/adealba/MIDTERM/program2.php on line 4
[27-Mar-2018 20:22:58 UTC] PHP Stack trace:
[27-Mar-2018 20:22:58 UTC] PHP   1. {main}() /home/ubuntu/workspace/adealba/MIDTERM/program2.php:0
[27-Mar-2018 20:36:34 UTC] PHP Warning:  include(/includes/dbConn.php): failed to open stream: No such file or directory in /home/ubuntu/workspace/adealba/MIDTERM/program2.php on line 3
[27-Mar-2018 20:36:34 UTC] PHP Stack trace:
[27-Mar-2018 20:36:34 UTC] PHP   1. {main}() /home/ubuntu/workspace/adealba/MIDTERM/program2.php:0
[27-Mar-2018 20:36:34 UTC] PHP Warning:  include(): Failed opening '/includes/dbConn.php' for inclusion (include_path='.:/usr/share/php:/usr/share/pear') in /home/ubuntu/workspace/adealba/MIDTERM/program2.php on line 3
[27-Mar-2018 20:36:34 UTC] PHP Stack trace:
[27-Mar-2018 20:36:34 UTC] PHP   1. {main}() /home/ubuntu/workspace/adealba/MIDTERM/program2.php:0
[27-Mar-2018 20:36:34 UTC] PHP Fatal error:  Call to undefined function getConnection() in /home/ubuntu/workspace/adealba/MIDTERM/program2.php on line 4
[27-Mar-2018 20:36:34 UTC] PHP Stack trace:
[27-Mar-2018 20:36:34 UTC] PHP   1. {main}() /home/ubuntu/workspace/adealba/MIDTERM/program2.php:0
[27-Mar-2018 20:36:53 UTC] PHP Warning:  include(includes/dbConn.php): failed to open stream: No such file or directory in /home/ubuntu/workspace/adealba/MIDTERM/program2.php on line 3
[27-Mar-2018 20:36:53 UTC] PHP Stack trace:
[27-Mar-2018 20:36:53 UTC] PHP   1. {main}() /home/ubuntu/workspace/adealba/MIDTERM/program2.php:0
[27-Mar-2018 20:36:53 UTC] PHP Warning:  include(): Failed opening 'includes/dbConn.php' for inclusion (include_path='.:/usr/share/php:/usr/share/pear') in /home/ubuntu/workspace/adealba/MIDTERM/program2.php on line 3
[27-Mar-2018 20:36:53 UTC] PHP Stack trace:
[27-Mar-2018 20:36:53 UTC] PHP   1. {main}() /home/ubuntu/workspace/adealba/MIDTERM/program2.php:0
[27-Mar-2018 20:36:53 UTC] PHP Fatal error:  Call to undefined function getConnection() in /home/ubuntu/workspace/adealba/MIDTERM/program2.php on line 4
[27-Mar-2018 20:36:53 UTC] PHP Stack trace:
[27-Mar-2018 20:36:53 UTC] PHP   1. {main}() /home/ubuntu/workspace/adealba/MIDTERM/program2.php:0
[27-Mar-2018 20:36:54 UTC] PHP Warning:  include(includes/dbConn.php): failed to open stream: No such file or directory in /home/ubuntu/workspace/adealba/MIDTERM/program2.php on line 3
[27-Mar-2018 20:36:54 UTC] PHP Stack trace:
[27-Mar-2018 20:36:54 UTC] PHP   1. {main}() /home/ubuntu/workspace/adealba/MIDTERM/program2.php:0
[27-Mar-2018 20:36:54 UTC] PHP Warning:  include(): Failed opening 'includes/dbConn.php' for inclusion (include_path='.:/usr/share/php:/usr/share/pear') in /home/ubuntu/workspace/adealba/MIDTERM/program2.php on line 3
[27-Mar-2018 20:36:54 UTC] PHP Stack trace:
[27-Mar-2018 20:36:54 UTC] PHP   1. {main}() /home/ubuntu/workspace/adealba/MIDTERM/program2.php:0
[27-Mar-2018 20:36:54 UTC] PHP Fatal error:  Call to undefined function getConnection() in /home/ubuntu/workspace/adealba/MIDTERM/program2.php on line 4
[27-Mar-2018 20:36:54 UTC] PHP Stack trace:
[27-Mar-2018 20:36:54 UTC] PHP   1. {main}() /home/ubuntu/workspace/adealba/MIDTERM/program2.php:0
[27-Mar-2018 20:37:09 UTC] PHP Warning:  include(includes/dbConnection.php): failed to open stream: No such file or directory in /home/ubuntu/workspace/adealba/MIDTERM/program2.php on line 3
[27-Mar-2018 20:37:09 UTC] PHP Stack trace:
[27-Mar-2018 20:37:09 UTC] PHP   1. {main}() /home/ubuntu/workspace/adealba/MIDTERM/program2.php:0
[27-Mar-2018 20:37:09 UTC] PHP Warning:  include(): Failed opening 'includes/dbConnection.php' for inclusion (include_path='.:/usr/share/php:/usr/share/pear') in /home/ubuntu/workspace/adealba/MIDTERM/program2.php on line 3
[27-Mar-2018 20:37:09 UTC] PHP Stack trace:
[27-Mar-2018 20:37:09 UTC] PHP   1. {main}() /home/ubuntu/workspace/adealba/MIDTERM/program2.php:0
[27-Mar-2018 20:37:09 UTC] PHP Fatal error:  Call to undefined function getConnection() in /home/ubuntu/workspace/adealba/MIDTERM/program2.php on line 4
[27-Mar-2018 20:37:09 UTC] PHP Stack trace:
[27-Mar-2018 20:37:09 UTC] PHP   1. {main}() /home/ubuntu/workspace/adealba/MIDTERM/program2.php:0
[27-Mar-2018 20:37:11 UTC] PHP Warning:  include(includes/dbConnection.php): failed to open stream: No such file or directory in /home/ubuntu/workspace/adealba/MIDTERM/program2.php on line 3
[27-Mar-2018 20:37:11 UTC] PHP Stack trace:
[27-Mar-2018 20:37:11 UTC] PHP   1. {main}() /home/ubuntu/workspace/adealba/MIDTERM/program2.php:0
[27-Mar-2018 20:37:11 UTC] PHP Warning:  include(): Failed opening 'includes/dbConnection.php' for inclusion (include_path='.:/usr/share/php:/usr/share/pear') in /home/ubuntu/workspace/adealba/MIDTERM/program2.php on line 3
[27-Mar-2018 20:37:11 UTC] PHP Stack trace:
[27-Mar-2018 20:37:11 UTC] PHP   1. {main}() /home/ubuntu/workspace/adealba/MIDTERM/program2.php:0
[27-Mar-2018 20:37:11 UTC] PHP Fatal error:  Call to undefined function getConnection() in /home/ubuntu/workspace/adealba/MIDTERM/program2.php on line 4
[27-Mar-2018 20:37:11 UTC] PHP Stack trace:
[27-Mar-2018 20:37:11 UTC] PHP   1. {main}() /home/ubuntu/workspace/adealba/MIDTERM/program2.php:0
[27-Mar-2018 20:37:25 UTC] PHP Warning:  include(include/dbConnection.php): failed to open stream: No such file or directory in /home/ubuntu/workspace/adealba/MIDTERM/program2.php on line 3
[27-Mar-2018 20:37:25 UTC] PHP Stack trace:
[27-Mar-2018 20:37:25 UTC] PHP   1. {main}() /home/ubuntu/workspace/adealba/MIDTERM/program2.php:0
[27-Mar-2018 20:37:25 UTC] PHP Warning:  include(): Failed opening 'include/dbConnection.php' for inclusion (include_path='.:/usr/share/php:/usr/share/pear') in /home/ubuntu/workspace/adealba/MIDTERM/program2.php on line 3
[27-Mar-2018 20:37:25 UTC] PHP Stack trace:
[27-Mar-2018 20:37:25 UTC] PHP   1. {main}() /home/ubuntu/workspace/adealba/MIDTERM/program2.php:0
[27-Mar-2018 20:37:25 UTC] PHP Fatal error:  Call to undefined function getConnection() in /home/ubuntu/workspace/adealba/MIDTERM/program2.php on line 4
[27-Mar-2018 20:37:25 UTC] PHP Stack trace:
[27-Mar-2018 20:37:25 UTC] PHP   1. {main}() /home/ubuntu/workspace/adealba/MIDTERM/program2.php:0
[27-Mar-2018 20:37:25 UTC] PHP Warning:  include(include/dbConnection.php): failed to open stream: No such file or directory in /home/ubuntu/workspace/adealba/MIDTERM/program2.php on line 3
[27-Mar-2018 20:37:25 UTC] PHP Stack trace:
[27-Mar-2018 20:37:25 UTC] PHP   1. {main}() /home/ubuntu/workspace/adealba/MIDTERM/program2.php:0
[27-Mar-2018 20:37:25 UTC] PHP Warning:  include(): Failed opening 'include/dbConnection.php' for inclusion (include_path='.:/usr/share/php:/usr/share/pear') in /home/ubuntu/workspace/adealba/MIDTERM/program2.php on line 3
[27-Mar-2018 20:37:25 UTC] PHP Stack trace:
[27-Mar-2018 20:37:25 UTC] PHP   1. {main}() /home/ubuntu/workspace/adealba/MIDTERM/program2.php:0
[27-Mar-2018 20:37:25 UTC] PHP Fatal error:  Call to undefined function getConnection() in /home/ubuntu/workspace/adealba/MIDTERM/program2.php on line 4
[27-Mar-2018 20:37:25 UTC] PHP Stack trace:
[27-Mar-2018 20:37:25 UTC] PHP   1. {main}() /home/ubuntu/workspace/adealba/MIDTERM/program2.php:0
[27-Mar-2018 20:37:26 UTC] PHP Warning:  include(include/dbConnection.php): failed to open stream: No such file or directory in /home/ubuntu/workspace/adealba/MIDTERM/program2.php on line 3
[27-Mar-2018 20:37:26 UTC] PHP Stack trace:
[27-Mar-2018 20:37:26 UTC] PHP   1. {main}() /home/ubuntu/workspace/adealba/MIDTERM/program2.php:0
[27-Mar-2018 20:37:26 UTC] PHP Warning:  include(): Failed opening 'include/dbConnection.php' for inclusion (include_path='.:/usr/share/php:/usr/share/pear') in /home/ubuntu/workspace/adealba/MIDTERM/program2.php on line 3
[27-Mar-2018 20:37:26 UTC] PHP Stack trace:
[27-Mar-2018 20:37:26 UTC] PHP   1. {main}() /home/ubuntu/workspace/adealba/MIDTERM/program2.php:0
[27-Mar-2018 20:37:26 UTC] PHP Fatal error:  Call to undefined function getConnection() in /home/ubuntu/workspace/adealba/MIDTERM/program2.php on line 4
[27-Mar-2018 20:37:26 UTC] PHP Stack trace:
[27-Mar-2018 20:37:26 UTC] PHP   1. {main}() /home/ubuntu/workspace/adealba/MIDTERM/program2.php:0
[27-Mar-2018 20:37:26 UTC] PHP Warning:  include(include/dbConnection.php): failed to open stream: No such file or directory in /home/ubuntu/workspace/adealba/MIDTERM/program2.php on line 3
[27-Mar-2018 20:37:26 UTC] PHP Stack trace:
[27-Mar-2018 20:37:26 UTC] PHP   1. {main}() /home/ubuntu/workspace/adealba/MIDTERM/program2.php:0
[27-Mar-2018 20:37:26 UTC] PHP Warning:  include(): Failed opening 'include/dbConnection.php' for inclusion (include_path='.:/usr/share/php:/usr/share/pear') in /home/ubuntu/workspace/adealba/MIDTERM/program2.php on line 3
[27-Mar-2018 20:37:26 UTC] PHP Stack trace:
[27-Mar-2018 20:37:26 UTC] PHP   1. {main}() /home/ubuntu/workspace/adealba/MIDTERM/program2.php:0
[27-Mar-2018 20:37:26 UTC] PHP Fatal error:  Call to undefined function getConnection() in /home/ubuntu/workspace/adealba/MIDTERM/program2.php on line 4
[27-Mar-2018 20:37:26 UTC] PHP Stack trace:
[27-Mar-2018 20:37:26 UTC] PHP   1. {main}() /home/ubuntu/workspace/adealba/MIDTERM/program2.php:0
[27-Mar-2018 21:05:56 UTC] PHP Warning:  include(include/dbConnection.php): failed to open stream: No such file or directory in /home/ubuntu/workspace/adealba/MIDTERM/program2.php on line 3
[27-Mar-2018 21:05:56 UTC] PHP Stack trace:
[27-Mar-2018 21:05:56 UTC] PHP   1. {main}() /home/ubuntu/workspace/adealba/MIDTERM/program2.php:0
[27-Mar-2018 21:05:56 UTC] PHP Warning:  include(): Failed opening 'include/dbConnection.php' for inclusion (include_path='.:/usr/share/php:/usr/share/pear') in /home/ubuntu/workspace/adealba/MIDTERM/program2.php on line 3
[27-Mar-2018 21:05:56 UTC] PHP Stack trace:
[27-Mar-2018 21:05:56 UTC] PHP   1. {main}() /home/ubuntu/workspace/adealba/MIDTERM/program2.php:0
[27-Mar-2018 21:05:56 UTC] PHP Fatal error:  Call to undefined function getConnection() in /home/ubuntu/workspace/adealba/MIDTERM/program2.php on line 4
[27-Mar-2018 21:05:56 UTC] PHP Stack trace:
[27-Mar-2018 21:05:56 UTC] PHP   1. {main}() /home/ubuntu/workspace/adealba/MIDTERM/program2.php:0
[27-Mar-2018 21:06:12 UTC] PHP Warning:  include(includes/dbConnection.php): failed to open stream: No such file or directory in /home/ubuntu/workspace/adealba/MIDTERM/program2.php on line 3
[27-Mar-2018 21:06:12 UTC] PHP Stack trace:
[27-Mar-2018 21:06:12 UTC] PHP   1. {main}() /home/ubuntu/workspace/adealba/MIDTERM/program2.php:0
[27-Mar-2018 21:06:12 UTC] PHP Warning:  include(): Failed opening 'includes/dbConnection.php' for inclusion (include_path='.:/usr/share/php:/usr/share/pear') in /home/ubuntu/workspace/adealba/MIDTERM/program2.php on line 3
[27-Mar-2018 21:06:12 UTC] PHP Stack trace:
[27-Mar-2018 21:06:12 UTC] PHP   1. {main}() /home/ubuntu/workspace/adealba/MIDTERM/program2.php:0
[27-Mar-2018 21:06:12 UTC] PHP Fatal error:  Call to undefined function getConnection() in /home/ubuntu/workspace/adealba/MIDTERM/program2.php on line 4
[27-Mar-2018 21:06:12 UTC] PHP Stack trace:
[27-Mar-2018 21:06:12 UTC] PHP   1. {main}() /home/ubuntu/workspace/adealba/MIDTERM/program2.php:0
[27-Mar-2018 21:09:43 UTC] PHP Warning:  include(includes/dbConnection.php): failed to open stream: No such file or directory in /home/ubuntu/workspace/adealba/MIDTERM/program2.php on line 3
[27-Mar-2018 21:09:43 UTC] PHP Stack trace:
[27-Mar-2018 21:09:43 UTC] PHP   1. {main}() /home/ubuntu/workspace/adealba/MIDTERM/program2.php:0
[27-Mar-2018 21:09:43 UTC] PHP Warning:  include(): Failed opening 'includes/dbConnection.php' for inclusion (include_path='.:/usr/share/php:/usr/share/pear') in /home/ubuntu/workspace/adealba/MIDTERM/program2.php on line 3
[27-Mar-2018 21:09:43 UTC] PHP Stack trace:
[27-Mar-2018 21:09:43 UTC] PHP   1. {main}() /home/ubuntu/workspace/adealba/MIDTERM/program2.php:0
[27-Mar-2018 21:09:43 UTC] PHP Fatal error:  Call to undefined function getConnection() in /home/ubuntu/workspace/adealba/MIDTERM/program2.php on line 4
[27-Mar-2018 21:09:43 UTC] PHP Stack trace:
[27-Mar-2018 21:09:43 UTC] PHP   1. {main}() /home/ubuntu/workspace/adealba/MIDTERM/program2.php:0
[27-Mar-2018 21:09:45 UTC] PHP Warning:  include(includes/dbConnection.php): failed to open stream: No such file or directory in /home/ubuntu/workspace/adealba/MIDTERM/program2.php on line 3
[27-Mar-2018 21:09:45 UTC] PHP Stack trace:
[27-Mar-2018 21:09:45 UTC] PHP   1. {main}() /home/ubuntu/workspace/adealba/MIDTERM/program2.php:0
[27-Mar-2018 21:09:45 UTC] PHP Warning:  include(): Failed opening 'includes/dbConnection.php' for inclusion (include_path='.:/usr/share/php:/usr/share/pear') in /home/ubuntu/workspace/adealba/MIDTERM/program2.php on line 3
[27-Mar-2018 21:09:45 UTC] PHP Stack trace:
[27-Mar-2018 21:09:45 UTC] PHP   1. {main}() /home/ubuntu/workspace/adealba/MIDTERM/program2.php:0
[27-Mar-2018 21:09:45 UTC] PHP Fatal error:  Call to undefined function getConnection() in /home/ubuntu/workspace/adealba/MIDTERM/program2.php on line 4
[27-Mar-2018 21:09:45 UTC] PHP Stack trace:
[27-Mar-2018 21:09:45 UTC] PHP   1. {main}() /home/ubuntu/workspace/adealba/MIDTERM/program2.php:0
[27-Mar-2018 21:09:46 UTC] PHP Warning:  include(includes/dbConnection.php): failed to open stream: No such file or directory in /home/ubuntu/workspace/adealba/MIDTERM/program2.php on line 3
[27-Mar-2018 21:09:46 UTC] PHP Stack trace:
[27-Mar-2018 21:09:46 UTC] PHP   1. {main}() /home/ubuntu/workspace/adealba/MIDTERM/program2.php:0
[27-Mar-2018 21:09:46 UTC] PHP Warning:  include(): Failed opening 'includes/dbConnection.php' for inclusion (include_path='.:/usr/share/php:/usr/share/pear') in /home/ubuntu/workspace/adealba/MIDTERM/program2.php on line 3
[27-Mar-2018 21:09:46 UTC] PHP Stack trace:
[27-Mar-2018 21:09:46 UTC] PHP   1. {main}() /home/ubuntu/workspace/adealba/MIDTERM/program2.php:0
[27-Mar-2018 21:09:46 UTC] PHP Fatal error:  Call to undefined function getConnection() in /home/ubuntu/workspace/adealba/MIDTERM/program2.php on line 4
[27-Mar-2018 21:09:46 UTC] PHP Stack trace:
[27-Mar-2018 21:09:46 UTC] PHP   1. {main}() /home/ubuntu/workspace/adealba/MIDTERM/program2.php:0
[27-Mar-2018 21:09:52 UTC] PHP Warning:  include(includes/dbConnection.php): failed to open stream: No such file or directory in /home/ubuntu/workspace/adealba/MIDTERM/program2.php on line 3
[27-Mar-2018 21:09:52 UTC] PHP Stack trace:
[27-Mar-2018 21:09:52 UTC] PHP   1. {main}() /home/ubuntu/workspace/adealba/MIDTERM/program2.php:0
[27-Mar-2018 21:09:52 UTC] PHP Warning:  include(): Failed opening 'includes/dbConnection.php' for inclusion (include_path='.:/usr/share/php:/usr/share/pear') in /home/ubuntu/workspace/adealba/MIDTERM/program2.php on line 3
[27-Mar-2018 21:09:52 UTC] PHP Stack trace:
[27-Mar-2018 21:09:52 UTC] PHP   1. {main}() /home/ubuntu/workspace/adealba/MIDTERM/program2.php:0
[27-Mar-2018 21:09:52 UTC] PHP Fatal error:  Call to undefined function getConnection() in /home/ubuntu/workspace/adealba/MIDTERM/program2.php on line 4
[27-Mar-2018 21:09:52 UTC] PHP Stack trace:
[27-Mar-2018 21:09:52 UTC] PHP   1. {main}() /home/ubuntu/workspace/adealba/MIDTERM/program2.php:0
[27-Mar-2018 21:10:07 UTC] PHP Warning:  include(../includes/dbConnection.php): failed to open stream: No such file or directory in /home/ubuntu/workspace/adealba/MIDTERM/program2.php on line 3
[27-Mar-2018 21:10:07 UTC] PHP Stack trace:
[27-Mar-2018 21:10:07 UTC] PHP   1. {main}() /home/ubuntu/workspace/adealba/MIDTERM/program2.php:0
[27-Mar-2018 21:10:07 UTC] PHP Warning:  include(): Failed opening '../includes/dbConnection.php' for inclusion (include_path='.:/usr/share/php:/usr/share/pear') in /home/ubuntu/workspace/adealba/MIDTERM/program2.php on line 3
[27-Mar-2018 21:10:07 UTC] PHP Stack trace:
[27-Mar-2018 21:10:07 UTC] PHP   1. {main}() /home/ubuntu/workspace/adealba/MIDTERM/program2.php:0
[27-Mar-2018 21:10:07 UTC] PHP Fatal error:  Call to undefined function getConnection() in /home/ubuntu/workspace/adealba/MIDTERM/program2.php on line 4
[27-Mar-2018 21:10:07 UTC] PHP Stack trace:
[27-Mar-2018 21:10:07 UTC] PHP   1. {main}() /home/ubuntu/workspace/adealba/MIDTERM/program2.php:0
[27-Mar-2018 21:10:08 UTC] PHP Warning:  include(../includes/dbConnection.php): failed to open stream: No such file or directory in /home/ubuntu/workspace/adealba/MIDTERM/program2.php on line 3
[27-Mar-2018 21:10:08 UTC] PHP Stack trace:
[27-Mar-2018 21:10:08 UTC] PHP   1. {main}() /home/ubuntu/workspace/adealba/MIDTERM/program2.php:0
[27-Mar-2018 21:10:08 UTC] PHP Warning:  include(): Failed opening '../includes/dbConnection.php' for inclusion (include_path='.:/usr/share/php:/usr/share/pear') in /home/ubuntu/workspace/adealba/MIDTERM/program2.php on line 3
[27-Mar-2018 21:10:08 UTC] PHP Stack trace:
[27-Mar-2018 21:10:08 UTC] PHP   1. {main}() /home/ubuntu/workspace/adealba/MIDTERM/program2.php:0
[27-Mar-2018 21:10:08 UTC] PHP Fatal error:  Call to undefined function getConnection() in /home/ubuntu/workspace/adealba/MIDTERM/program2.php on line 4
[27-Mar-2018 21:10:08 UTC] PHP Stack trace:
[27-Mar-2018 21:10:08 UTC] PHP   1. {main}() /home/ubuntu/workspace/adealba/MIDTERM/program2.php:0
[27-Mar-2018 21:19:42 UTC] PHP Warning:  include(../includes/dbConnection.php): failed to open stream: No such file or directory in /home/ubuntu/workspace/adealba/MIDTERM/program2.php on line 3
[27-Mar-2018 21:19:42 UTC] PHP Stack trace:
[27-Mar-2018 21:19:42 UTC] PHP   1. {main}() /home/ubuntu/workspace/adealba/MIDTERM/program2.php:0
[27-Mar-2018 21:19:42 UTC] PHP Warning:  include(): Failed opening '../includes/dbConnection.php' for inclusion (include_path='.:/usr/share/php:/usr/share/pear') in /home/ubuntu/workspace/adealba/MIDTERM/program2.php on line 3
[27-Mar-2018 21:19:42 UTC] PHP Stack trace:
[27-Mar-2018 21:19:42 UTC] PHP   1. {main}() /home/ubuntu/workspace/adealba/MIDTERM/program2.php:0
[27-Mar-2018 21:19:42 UTC] PHP Fatal error:  Call to undefined function getConnection() in /home/ubuntu/workspace/adealba/MIDTERM/program2.php on line 4
[27-Mar-2018 21:19:42 UTC] PHP Stack trace:
[27-Mar-2018 21:19:42 UTC] PHP   1. {main}() /home/ubuntu/workspace/adealba/MIDTERM/program2.php:0
[27-Mar-2018 21:19:58 UTC] PHP Warning:  include(../../includes/dbConnection.php): failed to open stream: No such file or directory in /home/ubuntu/workspace/adealba/MIDTERM/program2.php on line 3
[27-Mar-2018 21:19:58 UTC] PHP Stack trace:
[27-Mar-2018 21:19:58 UTC] PHP   1. {main}() /home/ubuntu/workspace/adealba/MIDTERM/program2.php:0
[27-Mar-2018 21:19:58 UTC] PHP Warning:  include(): Failed opening '../../includes/dbConnection.php' for inclusion (include_path='.:/usr/share/php:/usr/share/pear') in /home/ubuntu/workspace/adealba/MIDTERM/program2.php on line 3
[27-Mar-2018 21:19:58 UTC] PHP Stack trace:
[27-Mar-2018 21:19:58 UTC] PHP   1. {main}() /home/ubuntu/workspace/adealba/MIDTERM/program2.php:0
[27-Mar-2018 21:19:58 UTC] PHP Fatal error:  Call to undefined function getConnection() in /home/ubuntu/workspace/adealba/MIDTERM/program2.php on line 4
[27-Mar-2018 21:19:58 UTC] PHP Stack trace:
[27-Mar-2018 21:19:58 UTC] PHP   1. {main}() /home/ubuntu/workspace/adealba/MIDTERM/program2.php:0
[27-Mar-2018 21:19:59 UTC] PHP Warning:  include(../../includes/dbConnection.php): failed to open stream: No such file or directory in /home/ubuntu/workspace/adealba/MIDTERM/program2.php on line 3
[27-Mar-2018 21:19:59 UTC] PHP Stack trace:
[27-Mar-2018 21:19:59 UTC] PHP   1. {main}() /home/ubuntu/workspace/adealba/MIDTERM/program2.php:0
[27-Mar-2018 21:19:59 UTC] PHP Warning:  include(): Failed opening '../../includes/dbConnection.php' for inclusion (include_path='.:/usr/share/php:/usr/share/pear') in /home/ubuntu/workspace/adealba/MIDTERM/program2.php on line 3
[27-Mar-2018 21:19:59 UTC] PHP Stack trace:
[27-Mar-2018 21:19:59 UTC] PHP   1. {main}() /home/ubuntu/workspace/adealba/MIDTERM/program2.php:0
[27-Mar-2018 21:19:59 UTC] PHP Fatal error:  Call to undefined function getConnection() in /home/ubuntu/workspace/adealba/MIDTERM/program2.php on line 4
[27-Mar-2018 21:19:59 UTC] PHP Stack trace:
[27-Mar-2018 21:19:59 UTC] PHP   1. {main}() /home/ubuntu/workspace/adealba/MIDTERM/program2.php:0
[27-Mar-2018 21:20:00 UTC] PHP Warning:  include(../../includes/dbConnection.php): failed to open stream: No such file or directory in /home/ubuntu/workspace/adealba/MIDTERM/program2.php on line 3
[27-Mar-2018 21:20:00 UTC] PHP Stack trace:
[27-Mar-2018 21:20:00 UTC] PHP   1. {main}() /home/ubuntu/workspace/adealba/MIDTERM/program2.php:0
[27-Mar-2018 21:20:00 UTC] PHP Warning:  include(): Failed opening '../../includes/dbConnection.php' for inclusion (include_path='.:/usr/share/php:/usr/share/pear') in /home/ubuntu/workspace/adealba/MIDTERM/program2.php on line 3
[27-Mar-2018 21:20:00 UTC] PHP Stack trace:
[27-Mar-2018 21:20:00 UTC] PHP   1. {main}() /home/ubuntu/workspace/adealba/MIDTERM/program2.php:0
[27-Mar-2018 21:20:00 UTC] PHP Fatal error:  Call to undefined function getConnection() in /home/ubuntu/workspace/adealba/MIDTERM/program2.php on line 4
[27-Mar-2018 21:20:00 UTC] PHP Stack trace:
[27-Mar-2018 21:20:00 UTC] PHP   1. {main}() /home/ubuntu/workspace/adealba/MIDTERM/program2.php:0
[27-Mar-2018 21:20:00 UTC] PHP Warning:  include(../../includes/dbConnection.php): failed to open stream: No such file or directory in /home/ubuntu/workspace/adealba/MIDTERM/program2.php on line 3
[27-Mar-2018 21:20:00 UTC] PHP Stack trace:
[27-Mar-2018 21:20:00 UTC] PHP   1. {main}() /home/ubuntu/workspace/adealba/MIDTERM/program2.php:0
[27-Mar-2018 21:20:00 UTC] PHP Warning:  include(): Failed opening '../../includes/dbConnection.php' for inclusion (include_path='.:/usr/share/php:/usr/share/pear') in /home/ubuntu/workspace/adealba/MIDTERM/program2.php on line 3
[27-Mar-2018 21:20:00 UTC] PHP Stack trace:
[27-Mar-2018 21:20:00 UTC] PHP   1. {main}() /home/ubuntu/workspace/adealba/MIDTERM/program2.php:0
[27-Mar-2018 21:20:00 UTC] PHP Fatal error:  Call to undefined function getConnection() in /home/ubuntu/workspace/adealba/MIDTERM/program2.php on line 4
[27-Mar-2018 21:20:00 UTC] PHP Stack trace:
[27-Mar-2018 21:20:00 UTC] PHP   1. {main}() /home/ubuntu/workspace/adealba/MIDTERM/program2.php:0
[27-Mar-2018 21:20:01 UTC] PHP Warning:  include(../../includes/dbConnection.php): failed to open stream: No such file or directory in /home/ubuntu/workspace/adealba/MIDTERM/program2.php on line 3
[27-Mar-2018 21:20:01 UTC] PHP Stack trace:
[27-Mar-2018 21:20:01 UTC] PHP   1. {main}() /home/ubuntu/workspace/adealba/MIDTERM/program2.php:0
[27-Mar-2018 21:20:01 UTC] PHP Warning:  include(): Failed opening '../../includes/dbConnection.php' for inclusion (include_path='.:/usr/share/php:/usr/share/pear') in /home/ubuntu/workspace/adealba/MIDTERM/program2.php on line 3
[27-Mar-2018 21:20:01 UTC] PHP Stack trace:
[27-Mar-2018 21:20:01 UTC] PHP   1. {main}() /home/ubuntu/workspace/adealba/MIDTERM/program2.php:0
[27-Mar-2018 21:20:01 UTC] PHP Fatal error:  Call to undefined function getConnection() in /home/ubuntu/workspace/adealba/MIDTERM/program2.php on line 4
[27-Mar-2018 21:20:01 UTC] PHP Stack trace:
[27-Mar-2018 21:20:01 UTC] PHP   1. {main}() /home/ubuntu/workspace/adealba/MIDTERM/program2.php:0
[27-Mar-2018 21:23:25 UTC] PHP Warning:  include(../../dbConnection.php): failed to open stream: No such file or directory in /home/ubuntu/workspace/adealba/MIDTERM/program2.php on line 3
[27-Mar-2018 21:23:25 UTC] PHP Stack trace:
[27-Mar-2018 21:23:25 UTC] PHP   1. {main}() /home/ubuntu/workspace/adealba/MIDTERM/program2.php:0
[27-Mar-2018 21:23:25 UTC] PHP Warning:  include(): Failed opening '../../dbConnection.php' for inclusion (include_path='.:/usr/share/php:/usr/share/pear') in /home/ubuntu/workspace/adealba/MIDTERM/program2.php on line 3
[27-Mar-2018 21:23:25 UTC] PHP Stack trace:
[27-Mar-2018 21:23:25 UTC] PHP   1. {main}() /home/ubuntu/workspace/adealba/MIDTERM/program2.php:0
[27-Mar-2018 21:23:25 UTC] PHP Fatal error:  Call to undefined function getConnection() in /home/ubuntu/workspace/adealba/MIDTERM/program2.php on line 4
[27-Mar-2018 21:23:25 UTC] PHP Stack trace:
[27-Mar-2018 21:23:25 UTC] PHP   1. {main}() /home/ubuntu/workspace/adealba/MIDTERM/program2.php:0
[27-Mar-2018 21:41:24 UTC] PHP Fatal error:  Call to undefined function getConnection() in /home/ubuntu/workspace/adealba/MIDTERM/program2.php on line 4
[27-Mar-2018 21:41:24 UTC] PHP Stack trace:
[27-Mar-2018 21:41:24 UTC] PHP   1. {main}() /home/ubuntu/workspace/adealba/MIDTERM/program2.php:0
[27-Mar-2018 21:50:04 UTC] PHP Fatal error:  Call to undefined function getConnection() in /home/ubuntu/workspace/adealba/MIDTERM/program2.php on line 4
[27-Mar-2018 21:50:04 UTC] PHP Stack trace:
[27-Mar-2018 21:50:04 UTC] PHP   1. {main}() /home/ubuntu/workspace/adealba/MIDTERM/program2.php:0
[28-Mar-2018 17:49:00 UTC] PHP Fatal error:  Uncaught exception 'PDOException' with message 'SQLSTATE[42S22]: Column not found: 1054 Unknown column 't.county_id' in 'where clause'' in /home/ubuntu/workspace/adealba/MIDTERM/practice-program2.php:80
Stack trace:
#0 /home/ubuntu/workspace/adealba/MIDTERM/practice-program2.php(80): PDO->query('SELECT * FROM m...')
#1 {main}
  thrown in /home/ubuntu/workspace/adealba/MIDTERM/practice-program2.php on line 80
[28-Mar-2018 17:51:39 UTC] PHP Fatal error:  Cannot use [] for reading in /home/ubuntu/workspace/adealba/MIDTERM/practice-program2.php on line 84
[28-Mar-2018 21:08:14 UTC] PHP Fatal error:  Uncaught exception 'PDOException' with message 'SQLSTATE[42000]: Syntax error or access violation: 1064 You have an error in your SQL syntax; check the manual that corresponds to your MySQL server version for the right syntax to use near 'DESC' at line 6' in /home/ubuntu/workspace/adealba/MIDTERM/Program2.php:46
Stack trace:
#0 /home/ubuntu/workspace/adealba/MIDTERM/Program2.php(46): PDO->query('SELECT movie_ti...')
#1 {main}
  thrown in /home/ubuntu/workspace/adealba/MIDTERM/Program2.php on line 46
[28-Mar-2018 21:26:21 UTC] PHP Fatal error:  Uncaught exception 'PDOException' with message 'SQLSTATE[42000]: Syntax error or access violation: 1064 You have an error in your SQL syntax; check the manual that corresponds to your MySQL server version for the right syntax to use near 'ON celebrity.celebrityId = oscar.celebrity_id
        WHERE oscar.celebrity_id i' at line 3' in /home/ubuntu/workspace/adealba/MIDTERM/Program2.php:61
Stack trace:
#0 /home/ubuntu/workspace/adealba/MIDTERM/Program2.php(61): PDO->query('SELECT firstNam...')
#1 {main}
  thrown in /home/ubuntu/workspace/adealba/MIDTERM/Program2.php on line 61
[28-Mar-2018 21:26:47 UTC] PHP Fatal error:  Uncaught exception 'PDOException' with message 'SQLSTATE[42000]: Syntax error or access violation: 1066 Not unique table/alias: 'celebrity'' in /home/ubuntu/workspace/adealba/MIDTERM/Program2.php:61
Stack trace:
#0 /home/ubuntu/workspace/adealba/MIDTERM/Program2.php(61): PDO->query('SELECT firstNam...')
#1 {main}
  thrown in /home/ubuntu/workspace/adealba/MIDTERM/Program2.php on line 61
[28-Mar-2018 21:26:56 UTC] PHP Fatal error:  Uncaught exception 'PDOException' with message 'SQLSTATE[42000]: Syntax error or access violation: 1066 Not unique table/alias: 'celebrity'' in /home/ubuntu/workspace/adealba/MIDTERM/Program2.php:61
Stack trace:
#0 /home/ubuntu/workspace/adealba/MIDTERM/Program2.php(61): PDO->query('SELECT firstNam...')
#1 {main}
  thrown in /home/ubuntu/workspace/adealba/MIDTERM/Program2.php on line 61
[28-Mar-2018 21:26:57 UTC] PHP Fatal error:  Uncaught exception 'PDOException' with message 'SQLSTATE[42000]: Syntax error or access violation: 1066 Not unique table/alias: 'celebrity'' in /home/ubuntu/workspace/adealba/MIDTERM/Program2.php:61
Stack trace:
#0 /home/ubuntu/workspace/adealba/MIDTERM/Program2.php(61): PDO->query('SELECT firstNam...')
#1 {main}
  thrown in /home/ubuntu/workspace/adealba/MIDTERM/Program2.php on line 61
[28-Mar-2018 21:27:26 UTC] PHP Fatal error:  Uncaught exception 'PDOException' with message 'SQLSTATE[42000]: Syntax error or access violation: 1066 Not unique table/alias: 'celebrity'' in /home/ubuntu/workspace/adealba/MIDTERM/Program2.php:61
Stack trace:
#0 /home/ubuntu/workspace/adealba/MIDTERM/Program2.php(61): PDO->query('SELECT firstNam...')
#1 {main}
  thrown in /home/ubuntu/workspace/adealba/MIDTERM/Program2.php on line 61
[28-Mar-2018 21:27:27 UTC] PHP Fatal error:  Uncaught exception 'PDOException' with message 'SQLSTATE[42000]: Syntax error or access violation: 1066 Not unique table/alias: 'celebrity'' in /home/ubuntu/workspace/adealba/MIDTERM/Program2.php:61
Stack trace:
#0 /home/ubuntu/workspace/adealba/MIDTERM/Program2.php(61): PDO->query('SELECT firstNam...')
#1 {main}
  thrown in /home/ubuntu/workspace/adealba/MIDTERM/Program2.php on line 61
[28-Mar-2018 21:28:19 UTC] PHP Fatal error:  Uncaught exception 'PDOException' with message 'SQLSTATE[42S22]: Column not found: 1054 Unknown column 'celebrity.celebrityId' in 'on clause'' in /home/ubuntu/workspace/adealba/MIDTERM/Program2.php:61
Stack trace:
#0 /home/ubuntu/workspace/adealba/MIDTERM/Program2.php(61): PDO->query('SELECT firstNam...')
#1 {main}
  thrown in /home/ubuntu/workspace/adealba/MIDTERM/Program2.php on line 61
[28-Mar-2018 21:28:21 UTC] PHP Fatal error:  Uncaught exception 'PDOException' with message 'SQLSTATE[42S22]: Column not found: 1054 Unknown column 'celebrity.celebrityId' in 'on clause'' in /home/ubuntu/workspace/adealba/MIDTERM/Program2.php:61
Stack trace:
#0 /home/ubuntu/workspace/adealba/MIDTERM/Program2.php(61): PDO->query('SELECT firstNam...')
#1 {main}
  thrown in /home/ubuntu/workspace/adealba/MIDTERM/Program2.php on line 61
[28-Mar-2018 21:35:06 UTC] PHP Fatal error:  Uncaught exception 'PDOException' with message 'SQLSTATE[42S02]: Base table or view not found: 1146 Table 'midterm.a' doesn't exist' in /home/ubuntu/workspace/adealba/MIDTERM/Program2.php:80
Stack trace:
#0 /home/ubuntu/workspace/adealba/MIDTERM/Program2.php(80): PDO->query('SELECT firstNam...')
#1 {main}
  thrown in /home/ubuntu/workspace/adealba/MIDTERM/Program2.php on line 80
[03-May-2018 19:56:58 UTC] PHP Warning:  include(functions.php): failed to open stream: No such file or directory in /home/ubuntu/workspace/adealba/Final_Project/ConsolePage.php on line 5
[03-May-2018 19:56:58 UTC] PHP Stack trace:
[03-May-2018 19:56:58 UTC] PHP   1. {main}() /home/ubuntu/workspace/adealba/Final_Project/ConsolePage.php:0
[03-May-2018 19:56:58 UTC] PHP Warning:  include(): Failed opening 'functions.php' for inclusion (include_path='.:/usr/share/php:/usr/share/pear') in /home/ubuntu/workspace/adealba/Final_Project/ConsolePage.php on line 5
[03-May-2018 19:56:58 UTC] PHP Stack trace:
[03-May-2018 19:56:58 UTC] PHP   1. {main}() /home/ubuntu/workspace/adealba/Final_Project/ConsolePage.php:0
[03-May-2018 19:56:58 UTC] PHP Warning:  include(database.php): failed to open stream: No such file or directory in /home/ubuntu/workspace/adealba/Final_Project/ConsolePage.php on line 6
[03-May-2018 19:56:58 UTC] PHP Stack trace:
[03-May-2018 19:56:58 UTC] PHP   1. {main}() /home/ubuntu/workspace/adealba/Final_Project/ConsolePage.php:0
[03-May-2018 19:56:58 UTC] PHP Warning:  include(): Failed opening 'database.php' for inclusion (include_path='.:/usr/share/php:/usr/share/pear') in /home/ubuntu/workspace/adealba/Final_Project/ConsolePage.php on line 6
[03-May-2018 19:56:58 UTC] PHP Stack trace:
[03-May-2018 19:56:58 UTC] PHP   1. {main}() /home/ubuntu/workspace/adealba/Final_Project/ConsolePage.php:0
[03-May-2018 19:56:58 UTC] PHP Fatal error:  Call to undefined function getProducts() in /home/ubuntu/workspace/adealba/Final_Project/ConsolePage.php on line 120
[03-May-2018 19:56:58 UTC] PHP Stack trace:
[03-May-2018 19:56:58 UTC] PHP   1. {main}() /home/ubuntu/workspace/adealba/Final_Project/ConsolePage.php:0
[03-May-2018 19:58:10 UTC] PHP Warning:  include(database.php): failed to open stream: No such file or directory in /home/ubuntu/workspace/adealba/Final_Project/ConsolePage.php on line 6
[03-May-2018 19:58:10 UTC] PHP Stack trace:
[03-May-2018 19:58:10 UTC] PHP   1. {main}() /home/ubuntu/workspace/adealba/Final_Project/ConsolePage.php:0
[03-May-2018 19:58:10 UTC] PHP Warning:  include(): Failed opening 'database.php' for inclusion (include_path='.:/usr/share/php:/usr/share/pear') in /home/ubuntu/workspace/adealba/Final_Project/ConsolePage.php on line 6
[03-May-2018 19:58:10 UTC] PHP Stack trace:
[03-May-2018 19:58:10 UTC] PHP   1. {main}() /home/ubuntu/workspace/adealba/Final_Project/ConsolePage.php:0
[03-May-2018 19:58:10 UTC] PHP Fatal error:  Call to undefined function getProducts() in /home/ubuntu/workspace/adealba/Final_Project/ConsolePage.php on line 120
[03-May-2018 19:58:10 UTC] PHP Stack trace:
[03-May-2018 19:58:10 UTC] PHP   1. {main}() /home/ubuntu/workspace/adealba/Final_Project/ConsolePage.php:0
[03-May-2018 19:58:12 UTC] PHP Warning:  include(database.php): failed to open stream: No such file or directory in /home/ubuntu/workspace/adealba/Final_Project/ConsolePage.php on line 6
[03-May-2018 19:58:12 UTC] PHP Stack trace:
[03-May-2018 19:58:12 UTC] PHP   1. {main}() /home/ubuntu/workspace/adealba/Final_Project/ConsolePage.php:0
[03-May-2018 19:58:12 UTC] PHP Warning:  include(): Failed opening 'database.php' for inclusion (include_path='.:/usr/share/php:/usr/share/pear') in /home/ubuntu/workspace/adealba/Final_Project/ConsolePage.php on line 6
[03-May-2018 19:58:12 UTC] PHP Stack trace:
[03-May-2018 19:58:12 UTC] PHP   1. {main}() /home/ubuntu/workspace/adealba/Final_Project/ConsolePage.php:0
[03-May-2018 19:58:12 UTC] PHP Fatal error:  Call to undefined function getProducts() in /home/ubuntu/workspace/adealba/Final_Project/ConsolePage.php on line 120
[03-May-2018 19:58:12 UTC] PHP Stack trace:
[03-May-2018 19:58:12 UTC] PHP   1. {main}() /home/ubuntu/workspace/adealba/Final_Project/ConsolePage.php:0
[03-May-2018 20:37:30 UTC] PHP Fatal error:  Call to undefined function getCategories() in /home/ubuntu/workspace/adealba/Final_Project/addProduct.php on line 66
[03-May-2018 20:37:30 UTC] PHP Stack trace:
[03-May-2018 20:37:30 UTC] PHP   1. {main}() /home/ubuntu/workspace/adealba/Final_Project/addProduct.php:0
[03-May-2018 20:40:05 UTC] PHP Fatal error:  Call to undefined function getCategories() in /home/ubuntu/workspace/adealba/Final_Project/addProduct.php on line 72
[03-May-2018 20:40:05 UTC] PHP Stack trace:
[03-May-2018 20:40:05 UTC] PHP   1. {main}() /home/ubuntu/workspace/adealba/Final_Project/addProduct.php:0
[03-May-2018 20:43:56 UTC] PHP Fatal error:  Call to undefined function getCategories() in /home/ubuntu/workspace/adealba/Final_Project/addProduct.php on line 72
[03-May-2018 20:43:56 UTC] PHP Stack trace:
[03-May-2018 20:43:56 UTC] PHP   1. {main}() /home/ubuntu/workspace/adealba/Final_Project/addProduct.php:0
[03-May-2018 20:44:01 UTC] PHP Fatal error:  Call to undefined function getCategories() in /home/ubuntu/workspace/adealba/Final_Project/addProduct.php on line 72
[03-May-2018 20:44:01 UTC] PHP Stack trace:
[03-May-2018 20:44:01 UTC] PHP   1. {main}() /home/ubuntu/workspace/adealba/Final_Project/addProduct.php:0
[03-May-2018 20:46:55 UTC] PHP Fatal error:  Uncaught exception 'PDOException' with message 'SQLSTATE[23000]: Integrity constraint violation: 1048 Column 'console_title' cannot be null' in /home/ubuntu/workspace/adealba/Final_Project/addProduct.php:50
Stack trace:
#0 /home/ubuntu/workspace/adealba/Final_Project/addProduct.php(50): PDOStatement->execute(Array)
#1 {main}
  thrown in /home/ubuntu/workspace/adealba/Final_Project/addProduct.php on line 50
[03-May-2018 20:52:31 UTC] PHP Fatal error:  Uncaught exception 'PDOException' with message 'SQLSTATE[23000]: Integrity constraint violation: 1048 Column 'console_title' cannot be null' in /home/ubuntu/workspace/adealba/Final_Project/addProduct.php:50
Stack trace:
#0 /home/ubuntu/workspace/adealba/Final_Project/addProduct.php(50): PDOStatement->execute(Array)
#1 {main}
  thrown in /home/ubuntu/workspace/adealba/Final_Project/addProduct.php on line 50
[03-May-2018 20:54:32 UTC] PHP Fatal error:  Uncaught exception 'PDOException' with message 'SQLSTATE[23000]: Integrity constraint violation: 1048 Column 'console_title' cannot be null' in /home/ubuntu/workspace/adealba/Final_Project/addProduct.php:50
Stack trace:
#0 /home/ubuntu/workspace/adealba/Final_Project/addProduct.php(50): PDOStatement->execute(Array)
#1 {main}
  thrown in /home/ubuntu/workspace/adealba/Final_Project/addProduct.php on line 50
[03-May-2018 20:54:45 UTC] PHP Fatal error:  Uncaught exception 'PDOException' with message 'SQLSTATE[23000]: Integrity constraint violation: 1048 Column 'console_title' cannot be null' in /home/ubuntu/workspace/adealba/Final_Project/addProduct.php:50
Stack trace:
#0 /home/ubuntu/workspace/adealba/Final_Project/addProduct.php(50): PDOStatement->execute(Array)
#1 {main}
  thrown in /home/ubuntu/workspace/adealba/Final_Project/addProduct.php on line 50
[03-May-2018 20:55:52 UTC] PHP Fatal error:  Uncaught exception 'PDOException' with message 'SQLSTATE[23000]: Integrity constraint violation: 1048 Column 'console_title' cannot be null' in /home/ubuntu/workspace/adealba/Final_Project/addProduct.php:51
Stack trace:
#0 /home/ubuntu/workspace/adealba/Final_Project/addProduct.php(51): PDOStatement->execute(Array)
#1 {main}
  thrown in /home/ubuntu/workspace/adealba/Final_Project/addProduct.php on line 51
[03-May-2018 20:56:17 UTC] PHP Fatal error:  Uncaught exception 'PDOException' with message 'SQLSTATE[23000]: Integrity constraint violation: 1048 Column 'console_title' cannot be null' in /home/ubuntu/workspace/adealba/Final_Project/addProduct.php:51
Stack trace:
#0 /home/ubuntu/workspace/adealba/Final_Project/addProduct.php(51): PDOStatement->execute(Array)
#1 {main}
  thrown in /home/ubuntu/workspace/adealba/Final_Project/addProduct.php on line 51
[03-May-2018 20:57:17 UTC] PHP Fatal error:  Uncaught exception 'PDOException' with message 'SQLSTATE[23000]: Integrity constraint violation: 1048 Column 'console_title' cannot be null' in /home/ubuntu/workspace/adealba/Final_Project/addProduct.php:51
Stack trace:
#0 /home/ubuntu/workspace/adealba/Final_Project/addProduct.php(51): PDOStatement->execute(Array)
#1 {main}
  thrown in /home/ubuntu/workspace/adealba/Final_Project/addProduct.php on line 51
[03-May-2018 20:57:42 UTC] PHP Fatal error:  Uncaught exception 'PDOException' with message 'SQLSTATE[23000]: Integrity constraint violation: 1048 Column 'console_title' cannot be null' in /home/ubuntu/workspace/adealba/Final_Project/addProduct.php:51
Stack trace:
#0 /home/ubuntu/workspace/adealba/Final_Project/addProduct.php(51): PDOStatement->execute(Array)
#1 {main}
  thrown in /home/ubuntu/workspace/adealba/Final_Project/addProduct.php on line 51
[03-May-2018 20:57:50 UTC] PHP Fatal error:  Uncaught exception 'PDOException' with message 'SQLSTATE[23000]: Integrity constraint violation: 1048 Column 'console_title' cannot be null' in /home/ubuntu/workspace/adealba/Final_Project/addProduct.php:51
Stack trace:
#0 /home/ubuntu/workspace/adealba/Final_Project/addProduct.php(51): PDOStatement->execute(Array)
#1 {main}
  thrown in /home/ubuntu/workspace/adealba/Final_Project/addProduct.php on line 51
[03-May-2018 21:00:54 UTC] PHP Fatal error:  Uncaught exception 'PDOException' with message 'SQLSTATE[23000]: Integrity constraint violation: 1048 Column 'console_title' cannot be null' in /home/ubuntu/workspace/adealba/Final_Project/addProduct.php:51
Stack trace:
#0 /home/ubuntu/workspace/adealba/Final_Project/addProduct.php(51): PDOStatement->execute(Array)
#1 {main}
  thrown in /home/ubuntu/workspace/adealba/Final_Project/addProduct.php on line 51
