[14-Feb-2018 19:12:26 UTC] PHP Fatal error:  Call to undefined function play() in /home/ubuntu/workspace/adealba/LABS/Lab2/777/index.php on line 11
[14-Feb-2018 19:12:26 UTC] PHP Stack trace:
[14-Feb-2018 19:12:26 UTC] PHP   1. {main}() /home/ubuntu/workspace/adealba/LABS/Lab2/777/index.php:0
[14-Feb-2018 19:35:10 UTC] PHP Warning:  Missing argument 4 for displayPoints(), called in /home/ubuntu/workspace/adealba/LABS/Lab2/777/inc/functions.php on line 10 and defined in /home/ubuntu/workspace/adealba/LABS/Lab2/777/inc/functions.php on line 34
[14-Feb-2018 19:35:10 UTC] PHP Stack trace:
[14-Feb-2018 19:35:10 UTC] PHP   1. {main}() /home/ubuntu/workspace/adealba/LABS/Lab2/777/index.php:0
[14-Feb-2018 19:35:10 UTC] PHP   2. play() /home/ubuntu/workspace/adealba/LABS/Lab2/777/index.php:15
[14-Feb-2018 19:35:10 UTC] PHP   3. displayPoints() /home/ubuntu/workspace/adealba/LABS/Lab2/777/inc/functions.php:10
[14-Feb-2018 19:35:23 UTC] PHP Warning:  Missing argument 4 for displayPoints(), called in /home/ubuntu/workspace/adealba/LABS/Lab2/777/inc/functions.php on line 10 and defined in /home/ubuntu/workspace/adealba/LABS/Lab2/777/inc/functions.php on line 34
[14-Feb-2018 19:35:23 UTC] PHP Stack trace:
[14-Feb-2018 19:35:23 UTC] PHP   1. {main}() /home/ubuntu/workspace/adealba/LABS/Lab2/777/index.php:0
[14-Feb-2018 19:35:23 UTC] PHP   2. play() /home/ubuntu/workspace/adealba/LABS/Lab2/777/index.php:15
[14-Feb-2018 19:35:23 UTC] PHP   3. displayPoints() /home/ubuntu/workspace/adealba/LABS/Lab2/777/inc/functions.php:10
[14-Feb-2018 19:35:24 UTC] PHP Warning:  Missing argument 4 for displayPoints(), called in /home/ubuntu/workspace/adealba/LABS/Lab2/777/inc/functions.php on line 10 and defined in /home/ubuntu/workspace/adealba/LABS/Lab2/777/inc/functions.php on line 34
[14-Feb-2018 19:35:24 UTC] PHP Stack trace:
[14-Feb-2018 19:35:24 UTC] PHP   1. {main}() /home/ubuntu/workspace/adealba/LABS/Lab2/777/index.php:0
[14-Feb-2018 19:35:24 UTC] PHP   2. play() /home/ubuntu/workspace/adealba/LABS/Lab2/777/index.php:15
[14-Feb-2018 19:35:24 UTC] PHP   3. displayPoints() /home/ubuntu/workspace/adealba/LABS/Lab2/777/inc/functions.php:10
[14-Feb-2018 19:36:30 UTC] PHP Warning:  Missing argument 4 for displayPoints(), called in /home/ubuntu/workspace/adealba/LABS/Lab2/777/inc/functions.php on line 10 and defined in /home/ubuntu/workspace/adealba/LABS/Lab2/777/inc/functions.php on line 34
[14-Feb-2018 19:36:30 UTC] PHP Stack trace:
[14-Feb-2018 19:36:30 UTC] PHP   1. {main}() /home/ubuntu/workspace/adealba/LABS/Lab2/777/index.php:0
[14-Feb-2018 19:36:30 UTC] PHP   2. play() /home/ubuntu/workspace/adealba/LABS/Lab2/777/index.php:15
[14-Feb-2018 19:36:30 UTC] PHP   3. displayPoints() /home/ubuntu/workspace/adealba/LABS/Lab2/777/inc/functions.php:10
[14-Feb-2018 19:36:33 UTC] PHP Warning:  Missing argument 4 for displayPoints(), called in /home/ubuntu/workspace/adealba/LABS/Lab2/777/inc/functions.php on line 10 and defined in /home/ubuntu/workspace/adealba/LABS/Lab2/777/inc/functions.php on line 34
[14-Feb-2018 19:36:33 UTC] PHP Stack trace:
[14-Feb-2018 19:36:33 UTC] PHP   1. {main}() /home/ubuntu/workspace/adealba/LABS/Lab2/777/index.php:0
[14-Feb-2018 19:36:33 UTC] PHP   2. play() /home/ubuntu/workspace/adealba/LABS/Lab2/777/index.php:15
[14-Feb-2018 19:36:33 UTC] PHP   3. displayPoints() /home/ubuntu/workspace/adealba/LABS/Lab2/777/inc/functions.php:10
[14-Feb-2018 19:37:05 UTC] PHP Warning:  Missing argument 4 for displayPoints(), called in /home/ubuntu/workspace/adealba/LABS/Lab2/777/inc/functions.php on line 10 and defined in /home/ubuntu/workspace/adealba/LABS/Lab2/777/inc/functions.php on line 34
[14-Feb-2018 19:37:05 UTC] PHP Stack trace:
[14-Feb-2018 19:37:05 UTC] PHP   1. {main}() /home/ubuntu/workspace/adealba/LABS/Lab2/777/index.php:0
[14-Feb-2018 19:37:05 UTC] PHP   2. play() /home/ubuntu/workspace/adealba/LABS/Lab2/777/index.php:15
[14-Feb-2018 19:37:05 UTC] PHP   3. displayPoints() /home/ubuntu/workspace/adealba/LABS/Lab2/777/inc/functions.php:10
[14-Feb-2018 19:37:06 UTC] PHP Warning:  Missing argument 4 for displayPoints(), called in /home/ubuntu/workspace/adealba/LABS/Lab2/777/inc/functions.php on line 10 and defined in /home/ubuntu/workspace/adealba/LABS/Lab2/777/inc/functions.php on line 34
[14-Feb-2018 19:37:06 UTC] PHP Stack trace:
[14-Feb-2018 19:37:06 UTC] PHP   1. {main}() /home/ubuntu/workspace/adealba/LABS/Lab2/777/index.php:0
[14-Feb-2018 19:37:06 UTC] PHP   2. play() /home/ubuntu/workspace/adealba/LABS/Lab2/777/index.php:15
[14-Feb-2018 19:37:06 UTC] PHP   3. displayPoints() /home/ubuntu/workspace/adealba/LABS/Lab2/777/inc/functions.php:10
[14-Feb-2018 19:37:07 UTC] PHP Warning:  Missing argument 4 for displayPoints(), called in /home/ubuntu/workspace/adealba/LABS/Lab2/777/inc/functions.php on line 10 and defined in /home/ubuntu/workspace/adealba/LABS/Lab2/777/inc/functions.php on line 34
[14-Feb-2018 19:37:07 UTC] PHP Stack trace:
[14-Feb-2018 19:37:07 UTC] PHP   1. {main}() /home/ubuntu/workspace/adealba/LABS/Lab2/777/index.php:0
[14-Feb-2018 19:37:07 UTC] PHP   2. play() /home/ubuntu/workspace/adealba/LABS/Lab2/777/index.php:15
[14-Feb-2018 19:37:07 UTC] PHP   3. displayPoints() /home/ubuntu/workspace/adealba/LABS/Lab2/777/inc/functions.php:10
[14-Feb-2018 19:37:08 UTC] PHP Warning:  Missing argument 4 for displayPoints(), called in /home/ubuntu/workspace/adealba/LABS/Lab2/777/inc/functions.php on line 10 and defined in /home/ubuntu/workspace/adealba/LABS/Lab2/777/inc/functions.php on line 34
[14-Feb-2018 19:37:08 UTC] PHP Stack trace:
[14-Feb-2018 19:37:08 UTC] PHP   1. {main}() /home/ubuntu/workspace/adealba/LABS/Lab2/777/index.php:0
[14-Feb-2018 19:37:08 UTC] PHP   2. play() /home/ubuntu/workspace/adealba/LABS/Lab2/777/index.php:15
[14-Feb-2018 19:37:08 UTC] PHP   3. displayPoints() /home/ubuntu/workspace/adealba/LABS/Lab2/777/inc/functions.php:10
[14-Feb-2018 19:37:09 UTC] PHP Warning:  Missing argument 4 for displayPoints(), called in /home/ubuntu/workspace/adealba/LABS/Lab2/777/inc/functions.php on line 10 and defined in /home/ubuntu/workspace/adealba/LABS/Lab2/777/inc/functions.php on line 34
[14-Feb-2018 19:37:09 UTC] PHP Stack trace:
[14-Feb-2018 19:37:09 UTC] PHP   1. {main}() /home/ubuntu/workspace/adealba/LABS/Lab2/777/index.php:0
[14-Feb-2018 19:37:09 UTC] PHP   2. play() /home/ubuntu/workspace/adealba/LABS/Lab2/777/index.php:15
[14-Feb-2018 19:37:09 UTC] PHP   3. displayPoints() /home/ubuntu/workspace/adealba/LABS/Lab2/777/inc/functions.php:10
[14-Feb-2018 19:37:10 UTC] PHP Warning:  Missing argument 4 for displayPoints(), called in /home/ubuntu/workspace/adealba/LABS/Lab2/777/inc/functions.php on line 10 and defined in /home/ubuntu/workspace/adealba/LABS/Lab2/777/inc/functions.php on line 34
[14-Feb-2018 19:37:10 UTC] PHP Stack trace:
[14-Feb-2018 19:37:10 UTC] PHP   1. {main}() /home/ubuntu/workspace/adealba/LABS/Lab2/777/index.php:0
[14-Feb-2018 19:37:10 UTC] PHP   2. play() /home/ubuntu/workspace/adealba/LABS/Lab2/777/index.php:15
[14-Feb-2018 19:37:10 UTC] PHP   3. displayPoints() /home/ubuntu/workspace/adealba/LABS/Lab2/777/inc/functions.php:10
[14-Feb-2018 19:37:11 UTC] PHP Warning:  Missing argument 4 for displayPoints(), called in /home/ubuntu/workspace/adealba/LABS/Lab2/777/inc/functions.php on line 10 and defined in /home/ubuntu/workspace/adealba/LABS/Lab2/777/inc/functions.php on line 34
[14-Feb-2018 19:37:11 UTC] PHP Stack trace:
[14-Feb-2018 19:37:11 UTC] PHP   1. {main}() /home/ubuntu/workspace/adealba/LABS/Lab2/777/index.php:0
[14-Feb-2018 19:37:11 UTC] PHP   2. play() /home/ubuntu/workspace/adealba/LABS/Lab2/777/index.php:15
[14-Feb-2018 19:37:11 UTC] PHP   3. displayPoints() /home/ubuntu/workspace/adealba/LABS/Lab2/777/inc/functions.php:10
