[30-Apr-2018 22:43:42 UTC] PHP Warning:  include(../../../dbConnection.php): failed to open stream: No such file or directory in /home/ubuntu/workspace/adealba/LABS/Lab10/pets/api/getPetInfo.php on line 4
[30-Apr-2018 22:43:42 UTC] PHP Stack trace:
[30-Apr-2018 22:43:42 UTC] PHP   1. {main}() /home/ubuntu/workspace/adealba/LABS/Lab10/pets/api/getPetInfo.php:0
[30-Apr-2018 22:43:42 UTC] PHP Warning:  include(): Failed opening '../../../dbConnection.php' for inclusion (include_path='.:/usr/share/php:/usr/share/pear') in /home/ubuntu/workspace/adealba/LABS/Lab10/pets/api/getPetInfo.php on line 4
[30-Apr-2018 22:43:42 UTC] PHP Stack trace:
[30-Apr-2018 22:43:42 UTC] PHP   1. {main}() /home/ubuntu/workspace/adealba/LABS/Lab10/pets/api/getPetInfo.php:0
[30-Apr-2018 22:43:42 UTC] PHP Fatal error:  Call to undefined function getDatabaseConnection() in /home/ubuntu/workspace/adealba/LABS/Lab10/pets/api/getPetInfo.php on line 6
[30-Apr-2018 22:43:42 UTC] PHP Stack trace:
[30-Apr-2018 22:43:42 UTC] PHP   1. {main}() /home/ubuntu/workspace/adealba/LABS/Lab10/pets/api/getPetInfo.php:0
[30-Apr-2018 22:43:50 UTC] PHP Warning:  include(../../../dbConnection.php): failed to open stream: No such file or directory in /home/ubuntu/workspace/adealba/LABS/Lab10/pets/api/getPetInfo.php on line 4
[30-Apr-2018 22:43:50 UTC] PHP Stack trace:
[30-Apr-2018 22:43:50 UTC] PHP   1. {main}() /home/ubuntu/workspace/adealba/LABS/Lab10/pets/api/getPetInfo.php:0
[30-Apr-2018 22:43:50 UTC] PHP Warning:  include(): Failed opening '../../../dbConnection.php' for inclusion (include_path='.:/usr/share/php:/usr/share/pear') in /home/ubuntu/workspace/adealba/LABS/Lab10/pets/api/getPetInfo.php on line 4
[30-Apr-2018 22:43:50 UTC] PHP Stack trace:
[30-Apr-2018 22:43:50 UTC] PHP   1. {main}() /home/ubuntu/workspace/adealba/LABS/Lab10/pets/api/getPetInfo.php:0
[30-Apr-2018 22:43:50 UTC] PHP Fatal error:  Call to undefined function getDatabaseConnection() in /home/ubuntu/workspace/adealba/LABS/Lab10/pets/api/getPetInfo.php on line 6
[30-Apr-2018 22:43:50 UTC] PHP Stack trace:
[30-Apr-2018 22:43:50 UTC] PHP   1. {main}() /home/ubuntu/workspace/adealba/LABS/Lab10/pets/api/getPetInfo.php:0
[30-Apr-2018 22:44:07 UTC] PHP Warning:  include(../../../dbConnection.php): failed to open stream: No such file or directory in /home/ubuntu/workspace/adealba/LABS/Lab10/pets/api/getPetInfo.php on line 4
[30-Apr-2018 22:44:07 UTC] PHP Stack trace:
[30-Apr-2018 22:44:07 UTC] PHP   1. {main}() /home/ubuntu/workspace/adealba/LABS/Lab10/pets/api/getPetInfo.php:0
[30-Apr-2018 22:44:07 UTC] PHP Warning:  include(): Failed opening '../../../dbConnection.php' for inclusion (include_path='.:/usr/share/php:/usr/share/pear') in /home/ubuntu/workspace/adealba/LABS/Lab10/pets/api/getPetInfo.php on line 4
[30-Apr-2018 22:44:07 UTC] PHP Stack trace:
[30-Apr-2018 22:44:07 UTC] PHP   1. {main}() /home/ubuntu/workspace/adealba/LABS/Lab10/pets/api/getPetInfo.php:0
[30-Apr-2018 22:44:07 UTC] PHP Fatal error:  Call to undefined function getDatabaseConnection() in /home/ubuntu/workspace/adealba/LABS/Lab10/pets/api/getPetInfo.php on line 6
[30-Apr-2018 22:44:07 UTC] PHP Stack trace:
[30-Apr-2018 22:44:07 UTC] PHP   1. {main}() /home/ubuntu/workspace/adealba/LABS/Lab10/pets/api/getPetInfo.php:0
[30-Apr-2018 22:44:29 UTC] PHP Warning:  include(../../../dbConnection.php): failed to open stream: No such file or directory in /home/ubuntu/workspace/adealba/LABS/Lab10/pets/api/getPetInfo.php on line 4
[30-Apr-2018 22:44:29 UTC] PHP Stack trace:
[30-Apr-2018 22:44:29 UTC] PHP   1. {main}() /home/ubuntu/workspace/adealba/LABS/Lab10/pets/api/getPetInfo.php:0
[30-Apr-2018 22:44:29 UTC] PHP Warning:  include(): Failed opening '../../../dbConnection.php' for inclusion (include_path='.:/usr/share/php:/usr/share/pear') in /home/ubuntu/workspace/adealba/LABS/Lab10/pets/api/getPetInfo.php on line 4
[30-Apr-2018 22:44:29 UTC] PHP Stack trace:
[30-Apr-2018 22:44:29 UTC] PHP   1. {main}() /home/ubuntu/workspace/adealba/LABS/Lab10/pets/api/getPetInfo.php:0
[30-Apr-2018 22:44:29 UTC] PHP Fatal error:  Call to undefined function getDatabaseConnection() in /home/ubuntu/workspace/adealba/LABS/Lab10/pets/api/getPetInfo.php on line 6
[30-Apr-2018 22:44:29 UTC] PHP Stack trace:
[30-Apr-2018 22:44:29 UTC] PHP   1. {main}() /home/ubuntu/workspace/adealba/LABS/Lab10/pets/api/getPetInfo.php:0
[30-Apr-2018 22:44:30 UTC] PHP Warning:  include(../../../dbConnection.php): failed to open stream: No such file or directory in /home/ubuntu/workspace/adealba/LABS/Lab10/pets/api/getPetInfo.php on line 4
[30-Apr-2018 22:44:30 UTC] PHP Stack trace:
[30-Apr-2018 22:44:30 UTC] PHP   1. {main}() /home/ubuntu/workspace/adealba/LABS/Lab10/pets/api/getPetInfo.php:0
[30-Apr-2018 22:44:30 UTC] PHP Warning:  include(): Failed opening '../../../dbConnection.php' for inclusion (include_path='.:/usr/share/php:/usr/share/pear') in /home/ubuntu/workspace/adealba/LABS/Lab10/pets/api/getPetInfo.php on line 4
[30-Apr-2018 22:44:30 UTC] PHP Stack trace:
[30-Apr-2018 22:44:30 UTC] PHP   1. {main}() /home/ubuntu/workspace/adealba/LABS/Lab10/pets/api/getPetInfo.php:0
[30-Apr-2018 22:44:30 UTC] PHP Fatal error:  Call to undefined function getDatabaseConnection() in /home/ubuntu/workspace/adealba/LABS/Lab10/pets/api/getPetInfo.php on line 6
[30-Apr-2018 22:44:30 UTC] PHP Stack trace:
[30-Apr-2018 22:44:30 UTC] PHP   1. {main}() /home/ubuntu/workspace/adealba/LABS/Lab10/pets/api/getPetInfo.php:0
[30-Apr-2018 22:44:30 UTC] PHP Warning:  include(../../../dbConnection.php): failed to open stream: No such file or directory in /home/ubuntu/workspace/adealba/LABS/Lab10/pets/api/getPetInfo.php on line 4
[30-Apr-2018 22:44:30 UTC] PHP Stack trace:
[30-Apr-2018 22:44:30 UTC] PHP   1. {main}() /home/ubuntu/workspace/adealba/LABS/Lab10/pets/api/getPetInfo.php:0
[30-Apr-2018 22:44:30 UTC] PHP Warning:  include(): Failed opening '../../../dbConnection.php' for inclusion (include_path='.:/usr/share/php:/usr/share/pear') in /home/ubuntu/workspace/adealba/LABS/Lab10/pets/api/getPetInfo.php on line 4
[30-Apr-2018 22:44:30 UTC] PHP Stack trace:
[30-Apr-2018 22:44:30 UTC] PHP   1. {main}() /home/ubuntu/workspace/adealba/LABS/Lab10/pets/api/getPetInfo.php:0
[30-Apr-2018 22:44:30 UTC] PHP Fatal error:  Call to undefined function getDatabaseConnection() in /home/ubuntu/workspace/adealba/LABS/Lab10/pets/api/getPetInfo.php on line 6
[30-Apr-2018 22:44:30 UTC] PHP Stack trace:
[30-Apr-2018 22:44:30 UTC] PHP   1. {main}() /home/ubuntu/workspace/adealba/LABS/Lab10/pets/api/getPetInfo.php:0
[02-May-2018 21:29:54 UTC] PHP Warning:  include(../../../dbConnection.php): failed to open stream: No such file or directory in /home/ubuntu/workspace/adealba/LABS/Lab10/pets/api/getPetInfo.php on line 4
[02-May-2018 21:29:54 UTC] PHP Stack trace:
[02-May-2018 21:29:54 UTC] PHP   1. {main}() /home/ubuntu/workspace/adealba/LABS/Lab10/pets/api/getPetInfo.php:0
[02-May-2018 21:29:54 UTC] PHP Warning:  include(): Failed opening '../../../dbConnection.php' for inclusion (include_path='.:/usr/share/php:/usr/share/pear') in /home/ubuntu/workspace/adealba/LABS/Lab10/pets/api/getPetInfo.php on line 4
[02-May-2018 21:29:54 UTC] PHP Stack trace:
[02-May-2018 21:29:54 UTC] PHP   1. {main}() /home/ubuntu/workspace/adealba/LABS/Lab10/pets/api/getPetInfo.php:0
[02-May-2018 21:29:54 UTC] PHP Fatal error:  Call to undefined function getDatabaseConnection() in /home/ubuntu/workspace/adealba/LABS/Lab10/pets/api/getPetInfo.php on line 6
[02-May-2018 21:29:54 UTC] PHP Stack trace:
[02-May-2018 21:29:54 UTC] PHP   1. {main}() /home/ubuntu/workspace/adealba/LABS/Lab10/pets/api/getPetInfo.php:0
[02-May-2018 21:29:55 UTC] PHP Warning:  include(../../../dbConnection.php): failed to open stream: No such file or directory in /home/ubuntu/workspace/adealba/LABS/Lab10/pets/api/getPetInfo.php on line 4
[02-May-2018 21:29:55 UTC] PHP Stack trace:
[02-May-2018 21:29:55 UTC] PHP   1. {main}() /home/ubuntu/workspace/adealba/LABS/Lab10/pets/api/getPetInfo.php:0
[02-May-2018 21:29:55 UTC] PHP Warning:  include(): Failed opening '../../../dbConnection.php' for inclusion (include_path='.:/usr/share/php:/usr/share/pear') in /home/ubuntu/workspace/adealba/LABS/Lab10/pets/api/getPetInfo.php on line 4
[02-May-2018 21:29:55 UTC] PHP Stack trace:
[02-May-2018 21:29:55 UTC] PHP   1. {main}() /home/ubuntu/workspace/adealba/LABS/Lab10/pets/api/getPetInfo.php:0
[02-May-2018 21:29:55 UTC] PHP Fatal error:  Call to undefined function getDatabaseConnection() in /home/ubuntu/workspace/adealba/LABS/Lab10/pets/api/getPetInfo.php on line 6
[02-May-2018 21:29:55 UTC] PHP Stack trace:
[02-May-2018 21:29:55 UTC] PHP   1. {main}() /home/ubuntu/workspace/adealba/LABS/Lab10/pets/api/getPetInfo.php:0
[02-May-2018 21:29:56 UTC] PHP Warning:  include(../../../dbConnection.php): failed to open stream: No such file or directory in /home/ubuntu/workspace/adealba/LABS/Lab10/pets/api/getPetInfo.php on line 4
[02-May-2018 21:29:56 UTC] PHP Stack trace:
[02-May-2018 21:29:56 UTC] PHP   1. {main}() /home/ubuntu/workspace/adealba/LABS/Lab10/pets/api/getPetInfo.php:0
[02-May-2018 21:29:56 UTC] PHP Warning:  include(): Failed opening '../../../dbConnection.php' for inclusion (include_path='.:/usr/share/php:/usr/share/pear') in /home/ubuntu/workspace/adealba/LABS/Lab10/pets/api/getPetInfo.php on line 4
[02-May-2018 21:29:56 UTC] PHP Stack trace:
[02-May-2018 21:29:56 UTC] PHP   1. {main}() /home/ubuntu/workspace/adealba/LABS/Lab10/pets/api/getPetInfo.php:0
[02-May-2018 21:29:56 UTC] PHP Fatal error:  Call to undefined function getDatabaseConnection() in /home/ubuntu/workspace/adealba/LABS/Lab10/pets/api/getPetInfo.php on line 6
[02-May-2018 21:29:56 UTC] PHP Stack trace:
[02-May-2018 21:29:56 UTC] PHP   1. {main}() /home/ubuntu/workspace/adealba/LABS/Lab10/pets/api/getPetInfo.php:0
[02-May-2018 21:29:56 UTC] PHP Warning:  include(../../../dbConnection.php): failed to open stream: No such file or directory in /home/ubuntu/workspace/adealba/LABS/Lab10/pets/api/getPetInfo.php on line 4
[02-May-2018 21:29:56 UTC] PHP Stack trace:
[02-May-2018 21:29:56 UTC] PHP   1. {main}() /home/ubuntu/workspace/adealba/LABS/Lab10/pets/api/getPetInfo.php:0
[02-May-2018 21:29:56 UTC] PHP Warning:  include(): Failed opening '../../../dbConnection.php' for inclusion (include_path='.:/usr/share/php:/usr/share/pear') in /home/ubuntu/workspace/adealba/LABS/Lab10/pets/api/getPetInfo.php on line 4
[02-May-2018 21:29:56 UTC] PHP Stack trace:
[02-May-2018 21:29:56 UTC] PHP   1. {main}() /home/ubuntu/workspace/adealba/LABS/Lab10/pets/api/getPetInfo.php:0
[02-May-2018 21:29:56 UTC] PHP Fatal error:  Call to undefined function getDatabaseConnection() in /home/ubuntu/workspace/adealba/LABS/Lab10/pets/api/getPetInfo.php on line 6
[02-May-2018 21:29:56 UTC] PHP Stack trace:
[02-May-2018 21:29:56 UTC] PHP   1. {main}() /home/ubuntu/workspace/adealba/LABS/Lab10/pets/api/getPetInfo.php:0
[02-May-2018 21:29:56 UTC] PHP Warning:  include(../../../dbConnection.php): failed to open stream: No such file or directory in /home/ubuntu/workspace/adealba/LABS/Lab10/pets/api/getPetInfo.php on line 4
[02-May-2018 21:29:56 UTC] PHP Stack trace:
[02-May-2018 21:29:56 UTC] PHP   1. {main}() /home/ubuntu/workspace/adealba/LABS/Lab10/pets/api/getPetInfo.php:0
[02-May-2018 21:29:56 UTC] PHP Warning:  include(): Failed opening '../../../dbConnection.php' for inclusion (include_path='.:/usr/share/php:/usr/share/pear') in /home/ubuntu/workspace/adealba/LABS/Lab10/pets/api/getPetInfo.php on line 4
[02-May-2018 21:29:56 UTC] PHP Stack trace:
[02-May-2018 21:29:56 UTC] PHP   1. {main}() /home/ubuntu/workspace/adealba/LABS/Lab10/pets/api/getPetInfo.php:0
[02-May-2018 21:29:56 UTC] PHP Fatal error:  Call to undefined function getDatabaseConnection() in /home/ubuntu/workspace/adealba/LABS/Lab10/pets/api/getPetInfo.php on line 6
[02-May-2018 21:29:56 UTC] PHP Stack trace:
[02-May-2018 21:29:56 UTC] PHP   1. {main}() /home/ubuntu/workspace/adealba/LABS/Lab10/pets/api/getPetInfo.php:0
[02-May-2018 21:29:56 UTC] PHP Warning:  include(../../../dbConnection.php): failed to open stream: No such file or directory in /home/ubuntu/workspace/adealba/LABS/Lab10/pets/api/getPetInfo.php on line 4
[02-May-2018 21:29:56 UTC] PHP Stack trace:
[02-May-2018 21:29:56 UTC] PHP   1. {main}() /home/ubuntu/workspace/adealba/LABS/Lab10/pets/api/getPetInfo.php:0
[02-May-2018 21:29:56 UTC] PHP Warning:  include(): Failed opening '../../../dbConnection.php' for inclusion (include_path='.:/usr/share/php:/usr/share/pear') in /home/ubuntu/workspace/adealba/LABS/Lab10/pets/api/getPetInfo.php on line 4
[02-May-2018 21:29:56 UTC] PHP Stack trace:
[02-May-2018 21:29:56 UTC] PHP   1. {main}() /home/ubuntu/workspace/adealba/LABS/Lab10/pets/api/getPetInfo.php:0
[02-May-2018 21:29:56 UTC] PHP Fatal error:  Call to undefined function getDatabaseConnection() in /home/ubuntu/workspace/adealba/LABS/Lab10/pets/api/getPetInfo.php on line 6
[02-May-2018 21:29:56 UTC] PHP Stack trace:
[02-May-2018 21:29:56 UTC] PHP   1. {main}() /home/ubuntu/workspace/adealba/LABS/Lab10/pets/api/getPetInfo.php:0
[02-May-2018 21:29:57 UTC] PHP Warning:  include(../../../dbConnection.php): failed to open stream: No such file or directory in /home/ubuntu/workspace/adealba/LABS/Lab10/pets/api/getPetInfo.php on line 4
[02-May-2018 21:29:57 UTC] PHP Stack trace:
[02-May-2018 21:29:57 UTC] PHP   1. {main}() /home/ubuntu/workspace/adealba/LABS/Lab10/pets/api/getPetInfo.php:0
[02-May-2018 21:29:57 UTC] PHP Warning:  include(): Failed opening '../../../dbConnection.php' for inclusion (include_path='.:/usr/share/php:/usr/share/pear') in /home/ubuntu/workspace/adealba/LABS/Lab10/pets/api/getPetInfo.php on line 4
[02-May-2018 21:29:57 UTC] PHP Stack trace:
[02-May-2018 21:29:57 UTC] PHP   1. {main}() /home/ubuntu/workspace/adealba/LABS/Lab10/pets/api/getPetInfo.php:0
[02-May-2018 21:29:57 UTC] PHP Fatal error:  Call to undefined function getDatabaseConnection() in /home/ubuntu/workspace/adealba/LABS/Lab10/pets/api/getPetInfo.php on line 6
[02-May-2018 21:29:57 UTC] PHP Stack trace:
[02-May-2018 21:29:57 UTC] PHP   1. {main}() /home/ubuntu/workspace/adealba/LABS/Lab10/pets/api/getPetInfo.php:0
[02-May-2018 21:32:58 UTC] PHP Warning:  include(../../../dbConnection.php): failed to open stream: No such file or directory in /home/ubuntu/workspace/adealba/LABS/Lab10/pets/api/getPetInfo.php on line 4
[02-May-2018 21:32:58 UTC] PHP Stack trace:
[02-May-2018 21:32:58 UTC] PHP   1. {main}() /home/ubuntu/workspace/adealba/LABS/Lab10/pets/api/getPetInfo.php:0
[02-May-2018 21:32:58 UTC] PHP Warning:  include(): Failed opening '../../../dbConnection.php' for inclusion (include_path='.:/usr/share/php:/usr/share/pear') in /home/ubuntu/workspace/adealba/LABS/Lab10/pets/api/getPetInfo.php on line 4
[02-May-2018 21:32:58 UTC] PHP Stack trace:
[02-May-2018 21:32:58 UTC] PHP   1. {main}() /home/ubuntu/workspace/adealba/LABS/Lab10/pets/api/getPetInfo.php:0
[02-May-2018 21:32:58 UTC] PHP Fatal error:  Call to undefined function getDatabaseConnection() in /home/ubuntu/workspace/adealba/LABS/Lab10/pets/api/getPetInfo.php on line 6
[02-May-2018 21:32:58 UTC] PHP Stack trace:
[02-May-2018 21:32:58 UTC] PHP   1. {main}() /home/ubuntu/workspace/adealba/LABS/Lab10/pets/api/getPetInfo.php:0
[02-May-2018 21:32:59 UTC] PHP Warning:  include(../../../dbConnection.php): failed to open stream: No such file or directory in /home/ubuntu/workspace/adealba/LABS/Lab10/pets/api/getPetInfo.php on line 4
[02-May-2018 21:32:59 UTC] PHP Stack trace:
[02-May-2018 21:32:59 UTC] PHP   1. {main}() /home/ubuntu/workspace/adealba/LABS/Lab10/pets/api/getPetInfo.php:0
[02-May-2018 21:32:59 UTC] PHP Warning:  include(): Failed opening '../../../dbConnection.php' for inclusion (include_path='.:/usr/share/php:/usr/share/pear') in /home/ubuntu/workspace/adealba/LABS/Lab10/pets/api/getPetInfo.php on line 4
[02-May-2018 21:32:59 UTC] PHP Stack trace:
[02-May-2018 21:32:59 UTC] PHP   1. {main}() /home/ubuntu/workspace/adealba/LABS/Lab10/pets/api/getPetInfo.php:0
[02-May-2018 21:32:59 UTC] PHP Fatal error:  Call to undefined function getDatabaseConnection() in /home/ubuntu/workspace/adealba/LABS/Lab10/pets/api/getPetInfo.php on line 6
[02-May-2018 21:32:59 UTC] PHP Stack trace:
[02-May-2018 21:32:59 UTC] PHP   1. {main}() /home/ubuntu/workspace/adealba/LABS/Lab10/pets/api/getPetInfo.php:0
[02-May-2018 21:32:59 UTC] PHP Warning:  include(../../../dbConnection.php): failed to open stream: No such file or directory in /home/ubuntu/workspace/adealba/LABS/Lab10/pets/api/getPetInfo.php on line 4
[02-May-2018 21:32:59 UTC] PHP Stack trace:
[02-May-2018 21:32:59 UTC] PHP   1. {main}() /home/ubuntu/workspace/adealba/LABS/Lab10/pets/api/getPetInfo.php:0
[02-May-2018 21:32:59 UTC] PHP Warning:  include(): Failed opening '../../../dbConnection.php' for inclusion (include_path='.:/usr/share/php:/usr/share/pear') in /home/ubuntu/workspace/adealba/LABS/Lab10/pets/api/getPetInfo.php on line 4
[02-May-2018 21:32:59 UTC] PHP Stack trace:
[02-May-2018 21:32:59 UTC] PHP   1. {main}() /home/ubuntu/workspace/adealba/LABS/Lab10/pets/api/getPetInfo.php:0
[02-May-2018 21:32:59 UTC] PHP Fatal error:  Call to undefined function getDatabaseConnection() in /home/ubuntu/workspace/adealba/LABS/Lab10/pets/api/getPetInfo.php on line 6
[02-May-2018 21:32:59 UTC] PHP Stack trace:
[02-May-2018 21:32:59 UTC] PHP   1. {main}() /home/ubuntu/workspace/adealba/LABS/Lab10/pets/api/getPetInfo.php:0
[02-May-2018 21:33:10 UTC] PHP Warning:  include(../../../dbConnection.php): failed to open stream: No such file or directory in /home/ubuntu/workspace/adealba/LABS/Lab10/pets/api/getPetInfo.php on line 4
[02-May-2018 21:33:10 UTC] PHP Stack trace:
[02-May-2018 21:33:10 UTC] PHP   1. {main}() /home/ubuntu/workspace/adealba/LABS/Lab10/pets/api/getPetInfo.php:0
[02-May-2018 21:33:10 UTC] PHP Warning:  include(): Failed opening '../../../dbConnection.php' for inclusion (include_path='.:/usr/share/php:/usr/share/pear') in /home/ubuntu/workspace/adealba/LABS/Lab10/pets/api/getPetInfo.php on line 4
[02-May-2018 21:33:10 UTC] PHP Stack trace:
[02-May-2018 21:33:10 UTC] PHP   1. {main}() /home/ubuntu/workspace/adealba/LABS/Lab10/pets/api/getPetInfo.php:0
[02-May-2018 21:33:10 UTC] PHP Fatal error:  Call to undefined function getDatabaseConnection() in /home/ubuntu/workspace/adealba/LABS/Lab10/pets/api/getPetInfo.php on line 6
[02-May-2018 21:33:10 UTC] PHP Stack trace:
[02-May-2018 21:33:10 UTC] PHP   1. {main}() /home/ubuntu/workspace/adealba/LABS/Lab10/pets/api/getPetInfo.php:0
[02-May-2018 21:33:11 UTC] PHP Warning:  include(../../../dbConnection.php): failed to open stream: No such file or directory in /home/ubuntu/workspace/adealba/LABS/Lab10/pets/api/getPetInfo.php on line 4
[02-May-2018 21:33:11 UTC] PHP Stack trace:
[02-May-2018 21:33:11 UTC] PHP   1. {main}() /home/ubuntu/workspace/adealba/LABS/Lab10/pets/api/getPetInfo.php:0
[02-May-2018 21:33:11 UTC] PHP Warning:  include(): Failed opening '../../../dbConnection.php' for inclusion (include_path='.:/usr/share/php:/usr/share/pear') in /home/ubuntu/workspace/adealba/LABS/Lab10/pets/api/getPetInfo.php on line 4
[02-May-2018 21:33:11 UTC] PHP Stack trace:
[02-May-2018 21:33:11 UTC] PHP   1. {main}() /home/ubuntu/workspace/adealba/LABS/Lab10/pets/api/getPetInfo.php:0
[02-May-2018 21:33:11 UTC] PHP Fatal error:  Call to undefined function getDatabaseConnection() in /home/ubuntu/workspace/adealba/LABS/Lab10/pets/api/getPetInfo.php on line 6
[02-May-2018 21:33:11 UTC] PHP Stack trace:
[02-May-2018 21:33:11 UTC] PHP   1. {main}() /home/ubuntu/workspace/adealba/LABS/Lab10/pets/api/getPetInfo.php:0
[02-May-2018 21:33:11 UTC] PHP Warning:  include(../../../dbConnection.php): failed to open stream: No such file or directory in /home/ubuntu/workspace/adealba/LABS/Lab10/pets/api/getPetInfo.php on line 4
[02-May-2018 21:33:11 UTC] PHP Stack trace:
[02-May-2018 21:33:11 UTC] PHP   1. {main}() /home/ubuntu/workspace/adealba/LABS/Lab10/pets/api/getPetInfo.php:0
[02-May-2018 21:33:11 UTC] PHP Warning:  include(): Failed opening '../../../dbConnection.php' for inclusion (include_path='.:/usr/share/php:/usr/share/pear') in /home/ubuntu/workspace/adealba/LABS/Lab10/pets/api/getPetInfo.php on line 4
[02-May-2018 21:33:11 UTC] PHP Stack trace:
[02-May-2018 21:33:11 UTC] PHP   1. {main}() /home/ubuntu/workspace/adealba/LABS/Lab10/pets/api/getPetInfo.php:0
[02-May-2018 21:33:11 UTC] PHP Fatal error:  Call to undefined function getDatabaseConnection() in /home/ubuntu/workspace/adealba/LABS/Lab10/pets/api/getPetInfo.php on line 6
[02-May-2018 21:33:11 UTC] PHP Stack trace:
[02-May-2018 21:33:11 UTC] PHP   1. {main}() /home/ubuntu/workspace/adealba/LABS/Lab10/pets/api/getPetInfo.php:0
[02-May-2018 21:33:11 UTC] PHP Warning:  include(../../../dbConnection.php): failed to open stream: No such file or directory in /home/ubuntu/workspace/adealba/LABS/Lab10/pets/api/getPetInfo.php on line 4
[02-May-2018 21:33:11 UTC] PHP Stack trace:
[02-May-2018 21:33:11 UTC] PHP   1. {main}() /home/ubuntu/workspace/adealba/LABS/Lab10/pets/api/getPetInfo.php:0
[02-May-2018 21:33:11 UTC] PHP Warning:  include(): Failed opening '../../../dbConnection.php' for inclusion (include_path='.:/usr/share/php:/usr/share/pear') in /home/ubuntu/workspace/adealba/LABS/Lab10/pets/api/getPetInfo.php on line 4
[02-May-2018 21:33:11 UTC] PHP Stack trace:
[02-May-2018 21:33:11 UTC] PHP   1. {main}() /home/ubuntu/workspace/adealba/LABS/Lab10/pets/api/getPetInfo.php:0
[02-May-2018 21:33:11 UTC] PHP Fatal error:  Call to undefined function getDatabaseConnection() in /home/ubuntu/workspace/adealba/LABS/Lab10/pets/api/getPetInfo.php on line 6
[02-May-2018 21:33:11 UTC] PHP Stack trace:
[02-May-2018 21:33:11 UTC] PHP   1. {main}() /home/ubuntu/workspace/adealba/LABS/Lab10/pets/api/getPetInfo.php:0
[02-May-2018 21:33:12 UTC] PHP Warning:  include(../../../dbConnection.php): failed to open stream: No such file or directory in /home/ubuntu/workspace/adealba/LABS/Lab10/pets/api/getPetInfo.php on line 4
[02-May-2018 21:33:12 UTC] PHP Stack trace:
[02-May-2018 21:33:12 UTC] PHP   1. {main}() /home/ubuntu/workspace/adealba/LABS/Lab10/pets/api/getPetInfo.php:0
[02-May-2018 21:33:12 UTC] PHP Warning:  include(): Failed opening '../../../dbConnection.php' for inclusion (include_path='.:/usr/share/php:/usr/share/pear') in /home/ubuntu/workspace/adealba/LABS/Lab10/pets/api/getPetInfo.php on line 4
[02-May-2018 21:33:12 UTC] PHP Stack trace:
[02-May-2018 21:33:12 UTC] PHP   1. {main}() /home/ubuntu/workspace/adealba/LABS/Lab10/pets/api/getPetInfo.php:0
[02-May-2018 21:33:12 UTC] PHP Fatal error:  Call to undefined function getDatabaseConnection() in /home/ubuntu/workspace/adealba/LABS/Lab10/pets/api/getPetInfo.php on line 6
[02-May-2018 21:33:12 UTC] PHP Stack trace:
[02-May-2018 21:33:12 UTC] PHP   1. {main}() /home/ubuntu/workspace/adealba/LABS/Lab10/pets/api/getPetInfo.php:0
