[12-Mar-2018 22:40:22 UTC] PHP Fatal error:  Uncaught exception 'PDOException' with message 'SQLSTATE[42000]: Syntax error or access violation: 1064 You have an error in your SQL syntax; check the manual that corresponds to your MySQL server version for the right syntax to use near 'productName LIKE '%ipad%'' at line 1' in /home/ubuntu/workspace/adealba/LABS/Lab6/index.php:53
Stack trace:
#0 /home/ubuntu/workspace/adealba/LABS/Lab6/index.php(53): PDOStatement->execute(Array)
#1 /home/ubuntu/workspace/adealba/LABS/Lab6/index.php(106): displaySearchResults()
#2 {main}
  thrown in /home/ubuntu/workspace/adealba/LABS/Lab6/index.php on line 53
[12-Mar-2018 22:40:23 UTC] PHP Fatal error:  Uncaught exception 'PDOException' with message 'SQLSTATE[42000]: Syntax error or access violation: 1064 You have an error in your SQL syntax; check the manual that corresponds to your MySQL server version for the right syntax to use near 'productName LIKE '%ipad%'' at line 1' in /home/ubuntu/workspace/adealba/LABS/Lab6/index.php:53
Stack trace:
#0 /home/ubuntu/workspace/adealba/LABS/Lab6/index.php(53): PDOStatement->execute(Array)
#1 /home/ubuntu/workspace/adealba/LABS/Lab6/index.php(106): displaySearchResults()
#2 {main}
  thrown in /home/ubuntu/workspace/adealba/LABS/Lab6/index.php on line 53
[12-Mar-2018 22:42:36 UTC] PHP Fatal error:  Uncaught exception 'PDOException' with message 'SQLSTATE[42000]: Syntax error or access violation: 1064 You have an error in your SQL syntax; check the manual that corresponds to your MySQL server version for the right syntax to use near 'productName LIKE '%ipad%'' at line 1' in /home/ubuntu/workspace/adealba/LABS/Lab6/index.php:58
Stack trace:
#0 /home/ubuntu/workspace/adealba/LABS/Lab6/index.php(58): PDOStatement->execute(Array)
#1 /home/ubuntu/workspace/adealba/LABS/Lab6/index.php(111): displaySearchResults()
#2 {main}
  thrown in /home/ubuntu/workspace/adealba/LABS/Lab6/index.php on line 58
[12-Mar-2018 22:42:38 UTC] PHP Fatal error:  Uncaught exception 'PDOException' with message 'SQLSTATE[42000]: Syntax error or access violation: 1064 You have an error in your SQL syntax; check the manual that corresponds to your MySQL server version for the right syntax to use near 'productName LIKE '%ipad%'' at line 1' in /home/ubuntu/workspace/adealba/LABS/Lab6/index.php:58
Stack trace:
#0 /home/ubuntu/workspace/adealba/LABS/Lab6/index.php(58): PDOStatement->execute(Array)
#1 /home/ubuntu/workspace/adealba/LABS/Lab6/index.php(111): displaySearchResults()
#2 {main}
  thrown in /home/ubuntu/workspace/adealba/LABS/Lab6/index.php on line 58
[12-Mar-2018 22:42:39 UTC] PHP Fatal error:  Uncaught exception 'PDOException' with message 'SQLSTATE[42000]: Syntax error or access violation: 1064 You have an error in your SQL syntax; check the manual that corresponds to your MySQL server version for the right syntax to use near 'productName LIKE '%ipad%'' at line 1' in /home/ubuntu/workspace/adealba/LABS/Lab6/index.php:58
Stack trace:
#0 /home/ubuntu/workspace/adealba/LABS/Lab6/index.php(58): PDOStatement->execute(Array)
#1 /home/ubuntu/workspace/adealba/LABS/Lab6/index.php(111): displaySearchResults()
#2 {main}
  thrown in /home/ubuntu/workspace/adealba/LABS/Lab6/index.php on line 58
[14-Mar-2018 22:41:26 UTC] PHP Fatal error:  Uncaught exception 'PDOException' with message 'SQLSTATE[42000]: Syntax error or access violation: 1066 Not unique table/alias: 'om_product'' in /home/ubuntu/workspace/adealba/LABS/Lab6/purchaseHistory.php:19
Stack trace:
#0 /home/ubuntu/workspace/adealba/LABS/Lab6/purchaseHistory.php(19): PDOStatement->execute(Array)
#1 {main}
  thrown in /home/ubuntu/workspace/adealba/LABS/Lab6/purchaseHistory.php on line 19
[14-Mar-2018 22:41:55 UTC] PHP Fatal error:  Uncaught exception 'PDOException' with message 'SQLSTATE[42000]: Syntax error or access violation: 1066 Not unique table/alias: 'om_product'' in /home/ubuntu/workspace/adealba/LABS/Lab6/purchaseHistory.php:19
Stack trace:
#0 /home/ubuntu/workspace/adealba/LABS/Lab6/purchaseHistory.php(19): PDOStatement->execute(Array)
#1 {main}
  thrown in /home/ubuntu/workspace/adealba/LABS/Lab6/purchaseHistory.php on line 19
[14-Mar-2018 22:41:59 UTC] PHP Fatal error:  Uncaught exception 'PDOException' with message 'SQLSTATE[42000]: Syntax error or access violation: 1066 Not unique table/alias: 'om_product'' in /home/ubuntu/workspace/adealba/LABS/Lab6/purchaseHistory.php:19
Stack trace:
#0 /home/ubuntu/workspace/adealba/LABS/Lab6/purchaseHistory.php(19): PDOStatement->execute(Array)
#1 {main}
  thrown in /home/ubuntu/workspace/adealba/LABS/Lab6/purchaseHistory.php on line 19
[14-Mar-2018 22:42:19 UTC] PHP Fatal error:  Uncaught exception 'PDOException' with message 'SQLSTATE[42000]: Syntax error or access violation: 1066 Not unique table/alias: 'om_product'' in /home/ubuntu/workspace/adealba/LABS/Lab6/purchaseHistory.php:19
Stack trace:
#0 /home/ubuntu/workspace/adealba/LABS/Lab6/purchaseHistory.php(19): PDOStatement->execute(Array)
#1 {main}
  thrown in /home/ubuntu/workspace/adealba/LABS/Lab6/purchaseHistory.php on line 19
[26-Mar-2018 22:26:40 UTC] PHP Fatal error:  Call to undefined function displayAllProducts() in /home/ubuntu/workspace/adealba/LABS/Lab7/admin.php on line 24
[26-Mar-2018 22:26:40 UTC] PHP Stack trace:
[26-Mar-2018 22:26:40 UTC] PHP   1. {main}() /home/ubuntu/workspace/adealba/LABS/Lab7/admin.php:0
[26-Mar-2018 22:38:10 UTC] PHP Warning:  Invalid argument supplied for foreach() in /home/ubuntu/workspace/adealba/LABS/Lab7/admin.php on line 20
[26-Mar-2018 22:38:10 UTC] PHP Stack trace:
[26-Mar-2018 22:38:10 UTC] PHP   1. {main}() /home/ubuntu/workspace/adealba/LABS/Lab7/admin.php:0
[26-Mar-2018 22:38:10 UTC] PHP   2. displayAllProducts() /home/ubuntu/workspace/adealba/LABS/Lab7/admin.php:45
[29-Mar-2018 20:53:28 UTC] PHP Warning:  include(../../dbConnection.php): failed to open stream: No such file or directory in /home/ubuntu/workspace/adealba/LABS/Lab6/index.php on line 3
[29-Mar-2018 20:53:28 UTC] PHP Stack trace:
[29-Mar-2018 20:53:28 UTC] PHP   1. {main}() /home/ubuntu/workspace/adealba/LABS/Lab6/index.php:0
[29-Mar-2018 20:53:28 UTC] PHP Warning:  include(): Failed opening '../../dbConnection.php' for inclusion (include_path='.:/usr/share/php:/usr/share/pear') in /home/ubuntu/workspace/adealba/LABS/Lab6/index.php on line 3
[29-Mar-2018 20:53:28 UTC] PHP Stack trace:
[29-Mar-2018 20:53:28 UTC] PHP   1. {main}() /home/ubuntu/workspace/adealba/LABS/Lab6/index.php:0
[29-Mar-2018 20:53:28 UTC] PHP Fatal error:  Call to undefined function getDatabaseConnection() in /home/ubuntu/workspace/adealba/LABS/Lab6/index.php on line 5
[29-Mar-2018 20:53:28 UTC] PHP Stack trace:
[29-Mar-2018 20:53:28 UTC] PHP   1. {main}() /home/ubuntu/workspace/adealba/LABS/Lab6/index.php:0
[29-Mar-2018 20:53:31 UTC] PHP Warning:  include(../../dbConnection.php): failed to open stream: No such file or directory in /home/ubuntu/workspace/adealba/LABS/Lab6/index.php on line 3
[29-Mar-2018 20:53:31 UTC] PHP Stack trace:
[29-Mar-2018 20:53:31 UTC] PHP   1. {main}() /home/ubuntu/workspace/adealba/LABS/Lab6/index.php:0
[29-Mar-2018 20:53:31 UTC] PHP Warning:  include(): Failed opening '../../dbConnection.php' for inclusion (include_path='.:/usr/share/php:/usr/share/pear') in /home/ubuntu/workspace/adealba/LABS/Lab6/index.php on line 3
[29-Mar-2018 20:53:31 UTC] PHP Stack trace:
[29-Mar-2018 20:53:31 UTC] PHP   1. {main}() /home/ubuntu/workspace/adealba/LABS/Lab6/index.php:0
[29-Mar-2018 20:53:31 UTC] PHP Fatal error:  Call to undefined function getDatabaseConnection() in /home/ubuntu/workspace/adealba/LABS/Lab6/index.php on line 5
[29-Mar-2018 20:53:31 UTC] PHP Stack trace:
[29-Mar-2018 20:53:31 UTC] PHP   1. {main}() /home/ubuntu/workspace/adealba/LABS/Lab6/index.php:0
[29-Mar-2018 20:53:34 UTC] PHP Warning:  include(../../dbConnection.php): failed to open stream: No such file or directory in /home/ubuntu/workspace/adealba/LABS/Lab6/index.php on line 3
[29-Mar-2018 20:53:34 UTC] PHP Stack trace:
[29-Mar-2018 20:53:34 UTC] PHP   1. {main}() /home/ubuntu/workspace/adealba/LABS/Lab6/index.php:0
[29-Mar-2018 20:53:34 UTC] PHP Warning:  include(): Failed opening '../../dbConnection.php' for inclusion (include_path='.:/usr/share/php:/usr/share/pear') in /home/ubuntu/workspace/adealba/LABS/Lab6/index.php on line 3
[29-Mar-2018 20:53:34 UTC] PHP Stack trace:
[29-Mar-2018 20:53:34 UTC] PHP   1. {main}() /home/ubuntu/workspace/adealba/LABS/Lab6/index.php:0
[29-Mar-2018 20:53:34 UTC] PHP Fatal error:  Call to undefined function getDatabaseConnection() in /home/ubuntu/workspace/adealba/LABS/Lab6/index.php on line 5
[29-Mar-2018 20:53:34 UTC] PHP Stack trace:
[29-Mar-2018 20:53:34 UTC] PHP   1. {main}() /home/ubuntu/workspace/adealba/LABS/Lab6/index.php:0
[29-Mar-2018 20:53:50 UTC] PHP Warning:  include(../../dbConnection.php): failed to open stream: No such file or directory in /home/ubuntu/workspace/adealba/LABS/Lab6/index.php on line 3
[29-Mar-2018 20:53:51 UTC] PHP Stack trace:
[29-Mar-2018 20:53:51 UTC] PHP   1. {main}() /home/ubuntu/workspace/adealba/LABS/Lab6/index.php:0
[29-Mar-2018 20:53:51 UTC] PHP Warning:  include(): Failed opening '../../dbConnection.php' for inclusion (include_path='.:/usr/share/php:/usr/share/pear') in /home/ubuntu/workspace/adealba/LABS/Lab6/index.php on line 3
[29-Mar-2018 20:53:51 UTC] PHP Stack trace:
[29-Mar-2018 20:53:51 UTC] PHP   1. {main}() /home/ubuntu/workspace/adealba/LABS/Lab6/index.php:0
[29-Mar-2018 20:53:51 UTC] PHP Fatal error:  Call to undefined function getDatabaseConnection() in /home/ubuntu/workspace/adealba/LABS/Lab6/index.php on line 5
[29-Mar-2018 20:53:51 UTC] PHP Stack trace:
[29-Mar-2018 20:53:51 UTC] PHP   1. {main}() /home/ubuntu/workspace/adealba/LABS/Lab6/index.php:0
[29-Mar-2018 20:53:53 UTC] PHP Warning:  include(../../dbConnection.php): failed to open stream: No such file or directory in /home/ubuntu/workspace/adealba/LABS/Lab6/index.php on line 3
[29-Mar-2018 20:53:53 UTC] PHP Stack trace:
[29-Mar-2018 20:53:53 UTC] PHP   1. {main}() /home/ubuntu/workspace/adealba/LABS/Lab6/index.php:0
[29-Mar-2018 20:53:53 UTC] PHP Warning:  include(): Failed opening '../../dbConnection.php' for inclusion (include_path='.:/usr/share/php:/usr/share/pear') in /home/ubuntu/workspace/adealba/LABS/Lab6/index.php on line 3
[29-Mar-2018 20:53:53 UTC] PHP Stack trace:
[29-Mar-2018 20:53:53 UTC] PHP   1. {main}() /home/ubuntu/workspace/adealba/LABS/Lab6/index.php:0
[29-Mar-2018 20:53:53 UTC] PHP Fatal error:  Call to undefined function getDatabaseConnection() in /home/ubuntu/workspace/adealba/LABS/Lab6/index.php on line 5
[29-Mar-2018 20:53:53 UTC] PHP Stack trace:
[29-Mar-2018 20:53:53 UTC] PHP   1. {main}() /home/ubuntu/workspace/adealba/LABS/Lab6/index.php:0
[29-Mar-2018 20:54:13 UTC] PHP Warning:  include(../../dbConnection.php): failed to open stream: No such file or directory in /home/ubuntu/workspace/adealba/LABS/Lab6/index.php on line 3
[29-Mar-2018 20:54:13 UTC] PHP Stack trace:
[29-Mar-2018 20:54:13 UTC] PHP   1. {main}() /home/ubuntu/workspace/adealba/LABS/Lab6/index.php:0
[29-Mar-2018 20:54:13 UTC] PHP Warning:  include(): Failed opening '../../dbConnection.php' for inclusion (include_path='.:/usr/share/php:/usr/share/pear') in /home/ubuntu/workspace/adealba/LABS/Lab6/index.php on line 3
[29-Mar-2018 20:54:13 UTC] PHP Stack trace:
[29-Mar-2018 20:54:13 UTC] PHP   1. {main}() /home/ubuntu/workspace/adealba/LABS/Lab6/index.php:0
[29-Mar-2018 20:54:13 UTC] PHP Fatal error:  Call to undefined function getDatabaseConnection() in /home/ubuntu/workspace/adealba/LABS/Lab6/index.php on line 5
[29-Mar-2018 20:54:13 UTC] PHP Stack trace:
[29-Mar-2018 20:54:13 UTC] PHP   1. {main}() /home/ubuntu/workspace/adealba/LABS/Lab6/index.php:0
