[30-Apr-2018 21:49:07 UTC] PHP Fatal error:  Call to undefined function getAllPets() in /home/ubuntu/workspace/adealba/LABS/Lab10/pets/pets.php on line 8
[30-Apr-2018 21:49:07 UTC] PHP Stack trace:
[30-Apr-2018 21:49:07 UTC] PHP   1. {main}() /home/ubuntu/workspace/adealba/LABS/Lab10/pets/pets.php:0
[30-Apr-2018 21:56:52 UTC] PHP Warning:  include(../../dbConnection.php): failed to open stream: No such file or directory in /home/ubuntu/workspace/adealba/LABS/Lab10/pets/pets.php on line 4
[30-Apr-2018 21:56:52 UTC] PHP Stack trace:
[30-Apr-2018 21:56:52 UTC] PHP   1. {main}() /home/ubuntu/workspace/adealba/LABS/Lab10/pets/pets.php:0
[30-Apr-2018 21:56:52 UTC] PHP Warning:  include(): Failed opening '../../dbConnection.php' for inclusion (include_path='.:/usr/share/php:/usr/share/pear') in /home/ubuntu/workspace/adealba/LABS/Lab10/pets/pets.php on line 4
[30-Apr-2018 21:56:52 UTC] PHP Stack trace:
[30-Apr-2018 21:56:52 UTC] PHP   1. {main}() /home/ubuntu/workspace/adealba/LABS/Lab10/pets/pets.php:0
[30-Apr-2018 21:56:52 UTC] PHP Fatal error:  Call to undefined function getDatabaseConnection() in /home/ubuntu/workspace/adealba/LABS/Lab10/pets/pets.php on line 8
[30-Apr-2018 21:56:52 UTC] PHP Stack trace:
[30-Apr-2018 21:56:52 UTC] PHP   1. {main}() /home/ubuntu/workspace/adealba/LABS/Lab10/pets/pets.php:0
[30-Apr-2018 21:56:52 UTC] PHP   2. getAllPets() /home/ubuntu/workspace/adealba/LABS/Lab10/pets/pets.php:19
[30-Apr-2018 21:57:04 UTC] PHP Warning:  include(/../dbConnection.php): failed to open stream: No such file or directory in /home/ubuntu/workspace/adealba/LABS/Lab10/pets/pets.php on line 4
[30-Apr-2018 21:57:04 UTC] PHP Stack trace:
[30-Apr-2018 21:57:04 UTC] PHP   1. {main}() /home/ubuntu/workspace/adealba/LABS/Lab10/pets/pets.php:0
[30-Apr-2018 21:57:04 UTC] PHP Warning:  include(): Failed opening '/../dbConnection.php' for inclusion (include_path='.:/usr/share/php:/usr/share/pear') in /home/ubuntu/workspace/adealba/LABS/Lab10/pets/pets.php on line 4
[30-Apr-2018 21:57:04 UTC] PHP Stack trace:
[30-Apr-2018 21:57:04 UTC] PHP   1. {main}() /home/ubuntu/workspace/adealba/LABS/Lab10/pets/pets.php:0
[30-Apr-2018 21:57:04 UTC] PHP Fatal error:  Call to undefined function getDatabaseConnection() in /home/ubuntu/workspace/adealba/LABS/Lab10/pets/pets.php on line 8
[30-Apr-2018 21:57:04 UTC] PHP Stack trace:
[30-Apr-2018 21:57:04 UTC] PHP   1. {main}() /home/ubuntu/workspace/adealba/LABS/Lab10/pets/pets.php:0
[30-Apr-2018 21:57:04 UTC] PHP   2. getAllPets() /home/ubuntu/workspace/adealba/LABS/Lab10/pets/pets.php:19
[30-Apr-2018 21:57:05 UTC] PHP Warning:  include(/../dbConnection.php): failed to open stream: No such file or directory in /home/ubuntu/workspace/adealba/LABS/Lab10/pets/pets.php on line 4
[30-Apr-2018 21:57:05 UTC] PHP Stack trace:
[30-Apr-2018 21:57:05 UTC] PHP   1. {main}() /home/ubuntu/workspace/adealba/LABS/Lab10/pets/pets.php:0
[30-Apr-2018 21:57:05 UTC] PHP Warning:  include(): Failed opening '/../dbConnection.php' for inclusion (include_path='.:/usr/share/php:/usr/share/pear') in /home/ubuntu/workspace/adealba/LABS/Lab10/pets/pets.php on line 4
[30-Apr-2018 21:57:05 UTC] PHP Stack trace:
[30-Apr-2018 21:57:05 UTC] PHP   1. {main}() /home/ubuntu/workspace/adealba/LABS/Lab10/pets/pets.php:0
[30-Apr-2018 21:57:05 UTC] PHP Fatal error:  Call to undefined function getDatabaseConnection() in /home/ubuntu/workspace/adealba/LABS/Lab10/pets/pets.php on line 8
[30-Apr-2018 21:57:05 UTC] PHP Stack trace:
[30-Apr-2018 21:57:05 UTC] PHP   1. {main}() /home/ubuntu/workspace/adealba/LABS/Lab10/pets/pets.php:0
[30-Apr-2018 21:57:05 UTC] PHP   2. getAllPets() /home/ubuntu/workspace/adealba/LABS/Lab10/pets/pets.php:19
[30-Apr-2018 21:57:05 UTC] PHP Warning:  include(/../dbConnection.php): failed to open stream: No such file or directory in /home/ubuntu/workspace/adealba/LABS/Lab10/pets/pets.php on line 4
[30-Apr-2018 21:57:05 UTC] PHP Stack trace:
[30-Apr-2018 21:57:05 UTC] PHP   1. {main}() /home/ubuntu/workspace/adealba/LABS/Lab10/pets/pets.php:0
[30-Apr-2018 21:57:05 UTC] PHP Warning:  include(): Failed opening '/../dbConnection.php' for inclusion (include_path='.:/usr/share/php:/usr/share/pear') in /home/ubuntu/workspace/adealba/LABS/Lab10/pets/pets.php on line 4
[30-Apr-2018 21:57:05 UTC] PHP Stack trace:
[30-Apr-2018 21:57:05 UTC] PHP   1. {main}() /home/ubuntu/workspace/adealba/LABS/Lab10/pets/pets.php:0
[30-Apr-2018 21:57:05 UTC] PHP Fatal error:  Call to undefined function getDatabaseConnection() in /home/ubuntu/workspace/adealba/LABS/Lab10/pets/pets.php on line 8
[30-Apr-2018 21:57:05 UTC] PHP Stack trace:
[30-Apr-2018 21:57:05 UTC] PHP   1. {main}() /home/ubuntu/workspace/adealba/LABS/Lab10/pets/pets.php:0
[30-Apr-2018 21:57:05 UTC] PHP   2. getAllPets() /home/ubuntu/workspace/adealba/LABS/Lab10/pets/pets.php:19
[30-Apr-2018 21:57:06 UTC] PHP Warning:  include(/../dbConnection.php): failed to open stream: No such file or directory in /home/ubuntu/workspace/adealba/LABS/Lab10/pets/pets.php on line 4
[30-Apr-2018 21:57:06 UTC] PHP Stack trace:
[30-Apr-2018 21:57:06 UTC] PHP   1. {main}() /home/ubuntu/workspace/adealba/LABS/Lab10/pets/pets.php:0
[30-Apr-2018 21:57:06 UTC] PHP Warning:  include(): Failed opening '/../dbConnection.php' for inclusion (include_path='.:/usr/share/php:/usr/share/pear') in /home/ubuntu/workspace/adealba/LABS/Lab10/pets/pets.php on line 4
[30-Apr-2018 21:57:06 UTC] PHP Stack trace:
[30-Apr-2018 21:57:06 UTC] PHP   1. {main}() /home/ubuntu/workspace/adealba/LABS/Lab10/pets/pets.php:0
[30-Apr-2018 21:57:06 UTC] PHP Fatal error:  Call to undefined function getDatabaseConnection() in /home/ubuntu/workspace/adealba/LABS/Lab10/pets/pets.php on line 8
[30-Apr-2018 21:57:06 UTC] PHP Stack trace:
[30-Apr-2018 21:57:06 UTC] PHP   1. {main}() /home/ubuntu/workspace/adealba/LABS/Lab10/pets/pets.php:0
[30-Apr-2018 21:57:06 UTC] PHP   2. getAllPets() /home/ubuntu/workspace/adealba/LABS/Lab10/pets/pets.php:19
[06-May-2018 03:31:39 UTC] PHP Warning:  include(../../../api/pixabayAPI.php): failed to open stream: No such file or directory in /home/ubuntu/workspace/adealba/LABS/Lab10/pets/index.php on line 4
[06-May-2018 03:31:39 UTC] PHP Stack trace:
[06-May-2018 03:31:39 UTC] PHP   1. {main}() /home/ubuntu/workspace/adealba/LABS/Lab10/pets/index.php:0
[06-May-2018 03:31:39 UTC] PHP Warning:  include(): Failed opening '../../../api/pixabayAPI.php' for inclusion (include_path='.:/usr/share/php:/usr/share/pear') in /home/ubuntu/workspace/adealba/LABS/Lab10/pets/index.php on line 4
[06-May-2018 03:31:39 UTC] PHP Stack trace:
[06-May-2018 03:31:39 UTC] PHP   1. {main}() /home/ubuntu/workspace/adealba/LABS/Lab10/pets/index.php:0
[06-May-2018 03:32:00 UTC] PHP Warning:  include(../../../../api/pixabayAPI.php): failed to open stream: No such file or directory in /home/ubuntu/workspace/adealba/LABS/Lab10/pets/index.php on line 4
[06-May-2018 03:32:00 UTC] PHP Stack trace:
[06-May-2018 03:32:00 UTC] PHP   1. {main}() /home/ubuntu/workspace/adealba/LABS/Lab10/pets/index.php:0
[06-May-2018 03:32:00 UTC] PHP Warning:  include(): Failed opening '../../../../api/pixabayAPI.php' for inclusion (include_path='.:/usr/share/php:/usr/share/pear') in /home/ubuntu/workspace/adealba/LABS/Lab10/pets/index.php on line 4
[06-May-2018 03:32:00 UTC] PHP Stack trace:
[06-May-2018 03:32:00 UTC] PHP   1. {main}() /home/ubuntu/workspace/adealba/LABS/Lab10/pets/index.php:0
[06-May-2018 03:38:50 UTC] PHP Fatal error:  Cannot redeclare getImageURLs() (previously declared in /home/ubuntu/workspace/adealba/LABS/Lab10/pets/pixabayAPI.php:4) in /home/ubuntu/workspace/adealba/LABS/Lab10/pets/pixabayAPI.php on line 4
[06-May-2018 03:38:50 UTC] PHP Stack trace:
[06-May-2018 03:38:50 UTC] PHP   1. {main}() /home/ubuntu/workspace/adealba/LABS/Lab10/pets/index.php:0
