[07-Feb-2018 23:44:14 UTC] PHP Warning:  Missing argument 2 for displaySymbol(), called in /home/ubuntu/workspace/adealba/CLASSEXERCISES/ChallangeExcercise2/index.php on line 16 and defined in /home/ubuntu/workspace/adealba/CLASSEXERCISES/ChallangeExcercise2/index.php on line 25
[07-Feb-2018 23:44:14 UTC] PHP Stack trace:
[07-Feb-2018 23:44:14 UTC] PHP   1. {main}() /home/ubuntu/workspace/adealba/CLASSEXERCISES/ChallangeExcercise2/index.php:0
[07-Feb-2018 23:44:14 UTC] PHP   2. displaySymbol() /home/ubuntu/workspace/adealba/CLASSEXERCISES/ChallangeExcercise2/index.php:16
[07-Feb-2018 23:44:14 UTC] PHP Fatal error:  Call to undefined function folderSelection() in /home/ubuntu/workspace/adealba/CLASSEXERCISES/ChallangeExcercise2/index.php on line 62
[07-Feb-2018 23:44:14 UTC] PHP Stack trace:
[07-Feb-2018 23:44:14 UTC] PHP   1. {main}() /home/ubuntu/workspace/adealba/CLASSEXERCISES/ChallangeExcercise2/index.php:0
[07-Feb-2018 23:44:14 UTC] PHP   2. displaySymbol() /home/ubuntu/workspace/adealba/CLASSEXERCISES/ChallangeExcercise2/index.php:16
[07-Feb-2018 23:45:18 UTC] PHP Fatal error:  Call to undefined function folderSelection() in /home/ubuntu/workspace/adealba/CLASSEXERCISES/ChallangeExcercise2/index.php on line 64
[07-Feb-2018 23:45:18 UTC] PHP Stack trace:
[07-Feb-2018 23:45:18 UTC] PHP   1. {main}() /home/ubuntu/workspace/adealba/CLASSEXERCISES/ChallangeExcercise2/index.php:0
[07-Feb-2018 23:45:18 UTC] PHP   2. displaySymbol() /home/ubuntu/workspace/adealba/CLASSEXERCISES/ChallangeExcercise2/index.php:16
[12-Feb-2018 22:59:53 UTC] PHP Parse error:  syntax error, unexpected ']', expecting identifier (T_STRING) or variable (T_VARIABLE) or number (T_NUM_STRING) in /home/ubuntu/workspace/adealba/CLASSEXERCISES/classActivity3/php_arrays.php on line 21
[12-Feb-2018 23:00:01 UTC] PHP Parse error:  syntax error, unexpected ']', expecting identifier (T_STRING) or variable (T_VARIABLE) or number (T_NUM_STRING) in /home/ubuntu/workspace/adealba/CLASSEXERCISES/classActivity3/php_arrays.php on line 21
[19-Feb-2018 23:45:32 UTC] PHP Warning:  Missing argument 1 for makePassword(), called in /home/ubuntu/workspace/adealba/CLASSEXERCISES/classActivity4/challange.php on line 34 and defined in /home/ubuntu/workspace/adealba/CLASSEXERCISES/classActivity4/challange.php on line 7
[19-Feb-2018 23:45:32 UTC] PHP Stack trace:
[19-Feb-2018 23:45:32 UTC] PHP   1. {main}() /home/ubuntu/workspace/adealba/CLASSEXERCISES/classActivity4/challange.php:0
[19-Feb-2018 23:45:32 UTC] PHP   2. makePassword() /home/ubuntu/workspace/adealba/CLASSEXERCISES/classActivity4/challange.php:34
[19-Feb-2018 23:45:33 UTC] PHP Warning:  Missing argument 1 for makePassword(), called in /home/ubuntu/workspace/adealba/CLASSEXERCISES/classActivity4/challange.php on line 34 and defined in /home/ubuntu/workspace/adealba/CLASSEXERCISES/classActivity4/challange.php on line 7
[19-Feb-2018 23:45:33 UTC] PHP Stack trace:
[19-Feb-2018 23:45:33 UTC] PHP   1. {main}() /home/ubuntu/workspace/adealba/CLASSEXERCISES/classActivity4/challange.php:0
[19-Feb-2018 23:45:33 UTC] PHP   2. makePassword() /home/ubuntu/workspace/adealba/CLASSEXERCISES/classActivity4/challange.php:34
[12-Mar-2018 21:28:54 UTC] PHP Fatal error:  Uncaught exception 'PDOException' with message 'SQLSTATE[HY000] [1045] Access denied for user 'rot'@'localhost' (using password: NO)' in /home/ubuntu/workspace/adealba/CLASSEXERCISES/classActivity5/reports.php:34
Stack trace:
#0 /home/ubuntu/workspace/adealba/CLASSEXERCISES/classActivity5/reports.php(34): PDO->__construct('mysql:host=loca...', 'rot', '')
#1 {main}
  thrown in /home/ubuntu/workspace/adealba/CLASSEXERCISES/classActivity5/reports.php on line 34
[12-Mar-2018 21:34:24 UTC] PHP Fatal error:  Uncaught exception 'PDOException' with message 'SQLSTATE[42S02]: Base table or view not found: 1146 Table 'ottermart.purchase' doesn't exist' in /home/ubuntu/workspace/adealba/CLASSEXERCISES/classActivity5/reports.php:39
Stack trace:
#0 /home/ubuntu/workspace/adealba/CLASSEXERCISES/classActivity5/reports.php(39): PDOStatement->execute()
#1 {main}
  thrown in /home/ubuntu/workspace/adealba/CLASSEXERCISES/classActivity5/reports.php on line 39
[12-Mar-2018 21:34:38 UTC] PHP Fatal error:  Uncaught exception 'PDOException' with message 'SQLSTATE[42S02]: Base table or view not found: 1146 Table 'ottermart.purchase' doesn't exist' in /home/ubuntu/workspace/adealba/CLASSEXERCISES/classActivity5/reports.php:39
Stack trace:
#0 /home/ubuntu/workspace/adealba/CLASSEXERCISES/classActivity5/reports.php(39): PDOStatement->execute()
#1 {main}
  thrown in /home/ubuntu/workspace/adealba/CLASSEXERCISES/classActivity5/reports.php on line 39
[12-Mar-2018 21:36:53 UTC] PHP Fatal error:  Uncaught exception 'PDOException' with message 'SQLSTATE[42S02]: Base table or view not found: 1146 Table 'ottermart.purchase' doesn't exist' in /home/ubuntu/workspace/adealba/CLASSEXERCISES/classActivity5/reports.php:39
Stack trace:
#0 /home/ubuntu/workspace/adealba/CLASSEXERCISES/classActivity5/reports.php(39): PDOStatement->execute()
#1 {main}
  thrown in /home/ubuntu/workspace/adealba/CLASSEXERCISES/classActivity5/reports.php on line 39
[12-Mar-2018 21:37:41 UTC] PHP Fatal error:  Uncaught exception 'PDOException' with message 'SQLSTATE[42S02]: Base table or view not found: 1146 Table 'ottermart.purchase' doesn't exist' in /home/ubuntu/workspace/adealba/CLASSEXERCISES/classActivity5/reports.php:39
Stack trace:
#0 /home/ubuntu/workspace/adealba/CLASSEXERCISES/classActivity5/reports.php(39): PDOStatement->execute()
#1 {main}
  thrown in /home/ubuntu/workspace/adealba/CLASSEXERCISES/classActivity5/reports.php on line 39
